<?xml version="1.0" encoding="UTF-8"?>
<testsuite xmlns:xsi="http://www.w3.org/2001/XMLSchema-instance" xsi:noNamespaceSchemaLocation="https://maven.apache.org/surefire/maven-surefire-plugin/xsd/surefire-test-report-3.0.xsd" version="3.0" name="test.TestRunner" time="6.055" tests="13" errors="0" skipped="0" failures="0">
  <properties>
[...]
</properties>
  <testcase name="[1.1:24] Valid current weather for coordinates 40.4168,-3.7038" classname="tests/test_current_weather" time="1.491">
    <system-out><![CDATA[23:53:27.976 [main] DEBUG org.apache.http.client.protocol.RequestAddCookies - CookieSpec selected: karate
23:53:27.982 [main] DEBUG org.apache.http.client.protocol.RequestAuthCache - Auth cache not set in the context
23:53:27.984 [main] DEBUG com.intuit.karate - request:
1 > GET https://api.openweathermap.org/data/2.5/weather?appid=4b66cf4f354cd07b407c07800dc8c2f9&lon=-3.7038&units=metric&lat=40.4168
1 > Accept: application/json
1 > Host: api.openweathermap.org
1 > Connection: Keep-Alive
1 > User-Agent: Apache-HttpClient/4.5.14 (Java/21.0.7)
1 > Accept-Encoding: gzip,deflate


23:53:27.986 [main] DEBUG org.apache.http.impl.conn.PoolingHttpClientConnectionManager - Connection request: [route: {s}->https://api.openweathermap.org:443][total available: 0; route allocated: 0 of 5; total allocated: 0 of 10]
23:53:27.992 [main] DEBUG org.apache.http.impl.conn.PoolingHttpClientConnectionManager - Connection leased: [id: 0][route: {s}->https://api.openweathermap.org:443][total available: 0; route allocated: 1 of 5; total allocated: 1 of 10]
23:53:27.993 [main] DEBUG org.apache.http.impl.execchain.MainClientExec - Opening connection {s}->https://api.openweathermap.org:443
23:53:28.009 [main] DEBUG org.apache.http.impl.conn.DefaultHttpClientConnectionOperator - Connecting to api.openweathermap.org/176.9.63.49:443
23:53:28.009 [main] DEBUG org.apache.http.conn.ssl.SSLConnectionSocketFactory - Connecting socket to api.openweathermap.org/176.9.63.49:443 with timeout 30000
23:53:28.156 [main] DEBUG org.apache.http.conn.ssl.SSLConnectionSocketFactory - Enabled protocols: [TLSv1.3, TLSv1.2]
23:53:28.156 [main] DEBUG org.apache.http.conn.ssl.SSLConnectionSocketFactory - Enabled cipher suites:[TLS_AES_256_GCM_SHA384, TLS_AES_128_GCM_SHA256, TLS_CHACHA20_POLY1305_SHA256, TLS_ECDHE_ECDSA_WITH_AES_256_GCM_SHA384, TLS_ECDHE_ECDSA_WITH_AES_128_GCM_SHA256, TLS_ECDHE_ECDSA_WITH_CHACHA20_POLY1305_SHA256, TLS_ECDHE_RSA_WITH_AES_256_GCM_SHA384, TLS_ECDHE_RSA_WITH_CHACHA20_POLY1305_SHA256, TLS_ECDHE_RSA_WITH_AES_128_GCM_SHA256, TLS_DHE_RSA_WITH_AES_256_GCM_SHA384, TLS_DHE_RSA_WITH_CHACHA20_POLY1305_SHA256, TLS_DHE_DSS_WITH_AES_256_GCM_SHA384, TLS_DHE_RSA_WITH_AES_128_GCM_SHA256, TLS_DHE_DSS_WITH_AES_128_GCM_SHA256, TLS_ECDHE_ECDSA_WITH_AES_256_CBC_SHA384, TLS_ECDHE_RSA_WITH_AES_256_CBC_SHA384, TLS_ECDHE_ECDSA_WITH_AES_128_CBC_SHA256, TLS_ECDHE_RSA_WITH_AES_128_CBC_SHA256, TLS_DHE_RSA_WITH_AES_256_CBC_SHA256, TLS_DHE_DSS_WITH_AES_256_CBC_SHA256, TLS_DHE_RSA_WITH_AES_128_CBC_SHA256, TLS_DHE_DSS_WITH_AES_128_CBC_SHA256, TLS_ECDHE_ECDSA_WITH_AES_256_CBC_SHA, TLS_ECDHE_RSA_WITH_AES_256_CBC_SHA, TLS_ECDHE_ECDSA_WITH_AES_128_CBC_SHA, TLS_ECDHE_RSA_WITH_AES_128_CBC_SHA, TLS_DHE_RSA_WITH_AES_256_CBC_SHA, TLS_DHE_DSS_WITH_AES_256_CBC_SHA, TLS_DHE_RSA_WITH_AES_128_CBC_SHA, TLS_DHE_DSS_WITH_AES_128_CBC_SHA, TLS_RSA_WITH_AES_256_GCM_SHA384, TLS_RSA_WITH_AES_128_GCM_SHA256, TLS_RSA_WITH_AES_256_CBC_SHA256, TLS_RSA_WITH_AES_128_CBC_SHA256, TLS_RSA_WITH_AES_256_CBC_SHA, TLS_RSA_WITH_AES_128_CBC_SHA, TLS_EMPTY_RENEGOTIATION_INFO_SCSV]
23:53:28.156 [main] DEBUG org.apache.http.conn.ssl.SSLConnectionSocketFactory - Starting handshake
23:53:28.329 [main] DEBUG org.apache.http.conn.ssl.SSLConnectionSocketFactory - Secure session established
23:53:28.329 [main] DEBUG org.apache.http.conn.ssl.SSLConnectionSocketFactory -  negotiated protocol: TLSv1.3
23:53:28.329 [main] DEBUG org.apache.http.conn.ssl.SSLConnectionSocketFactory -  negotiated cipher suite: TLS_AES_256_GCM_SHA384
23:53:28.329 [main] DEBUG org.apache.http.conn.ssl.SSLConnectionSocketFactory -  peer principal: CN=*.openweathermap.org, O=Openweather Ltd., ST=London, C=GB
23:53:28.329 [main] DEBUG org.apache.http.conn.ssl.SSLConnectionSocketFactory -  peer alternative names: [*.openweathermap.org, openweathermap.org]
23:53:28.329 [main] DEBUG org.apache.http.conn.ssl.SSLConnectionSocketFactory -  issuer principal: CN=Sectigo RSA Organization Validation Secure Server CA, O=Sectigo Limited, L=Salford, ST=Greater Manchester, C=GB
23:53:28.332 [main] DEBUG org.apache.http.impl.conn.DefaultHttpClientConnectionOperator - Connection established 192.168.1.135:42304<->176.9.63.49:443
23:53:28.332 [main] DEBUG org.apache.http.impl.conn.DefaultManagedHttpClientConnection - http-outgoing-0: set socket timeout to 30000
23:53:28.332 [main] DEBUG org.apache.http.impl.execchain.MainClientExec - Executing request GET /data/2.5/weather?appid=4b66cf4f354cd07b407c07800dc8c2f9&lon=-3.7038&units=metric&lat=40.4168 HTTP/1.1
23:53:28.332 [main] DEBUG org.apache.http.impl.execchain.MainClientExec - Target auth state: UNCHALLENGED
23:53:28.332 [main] DEBUG org.apache.http.impl.execchain.MainClientExec - Proxy auth state: UNCHALLENGED
23:53:28.333 [main] DEBUG org.apache.http.headers - http-outgoing-0 >> GET /data/2.5/weather?appid=4b66cf4f354cd07b407c07800dc8c2f9&lon=-3.7038&units=metric&lat=40.4168 HTTP/1.1
23:53:28.333 [main] DEBUG org.apache.http.headers - http-outgoing-0 >> Accept: application/json
23:53:28.333 [main] DEBUG org.apache.http.headers - http-outgoing-0 >> Host: api.openweathermap.org
23:53:28.333 [main] DEBUG org.apache.http.headers - http-outgoing-0 >> Connection: Keep-Alive
23:53:28.333 [main] DEBUG org.apache.http.headers - http-outgoing-0 >> User-Agent: Apache-HttpClient/4.5.14 (Java/21.0.7)
23:53:28.334 [main] DEBUG org.apache.http.headers - http-outgoing-0 >> Accept-Encoding: gzip,deflate
23:53:28.334 [main] DEBUG org.apache.http.wire - http-outgoing-0 >> "GET /data/2.5/weather?appid=4b66cf4f354cd07b407c07800dc8c2f9&lon=-3.7038&units=metric&lat=40.4168 HTTP/1.1[\r][\n]"
23:53:28.334 [main] DEBUG org.apache.http.wire - http-outgoing-0 >> "Accept: application/json[\r][\n]"
23:53:28.334 [main] DEBUG org.apache.http.wire - http-outgoing-0 >> "Host: api.openweathermap.org[\r][\n]"
23:53:28.334 [main] DEBUG org.apache.http.wire - http-outgoing-0 >> "Connection: Keep-Alive[\r][\n]"
23:53:28.334 [main] DEBUG org.apache.http.wire - http-outgoing-0 >> "User-Agent: Apache-HttpClient/4.5.14 (Java/21.0.7)[\r][\n]"
23:53:28.334 [main] DEBUG org.apache.http.wire - http-outgoing-0 >> "Accept-Encoding: gzip,deflate[\r][\n]"
23:53:28.334 [main] DEBUG org.apache.http.wire - http-outgoing-0 >> "[\r][\n]"
23:53:28.379 [main] DEBUG org.apache.http.wire - http-outgoing-0 << "HTTP/1.1 200 OK[\r][\n]"
23:53:28.380 [main] DEBUG org.apache.http.wire - http-outgoing-0 << "Server: openresty[\r][\n]"
23:53:28.380 [main] DEBUG org.apache.http.wire - http-outgoing-0 << "Date: Tue, 06 May 2025 21:53:28 GMT[\r][\n]"
23:53:28.380 [main] DEBUG org.apache.http.wire - http-outgoing-0 << "Content-Type: application/json; charset=utf-8[\r][\n]"
23:53:28.380 [main] DEBUG org.apache.http.wire - http-outgoing-0 << "Content-Length: 521[\r][\n]"
23:53:28.380 [main] DEBUG org.apache.http.wire - http-outgoing-0 << "Connection: keep-alive[\r][\n]"
23:53:28.380 [main] DEBUG org.apache.http.wire - http-outgoing-0 << "X-Cache-Key: /data/2.5/weather?lat=40.42&lon=-3.7&units=metric[\r][\n]"
23:53:28.380 [main] DEBUG org.apache.http.wire - http-outgoing-0 << "Access-Control-Allow-Origin: *[\r][\n]"
23:53:28.380 [main] DEBUG org.apache.http.wire - http-outgoing-0 << "Access-Control-Allow-Credentials: true[\r][\n]"
23:53:28.381 [main] DEBUG org.apache.http.wire - http-outgoing-0 << "Access-Control-Allow-Methods: GET, POST[\r][\n]"
23:53:28.381 [main] DEBUG org.apache.http.wire - http-outgoing-0 << "[\r][\n]"
23:53:28.381 [main] DEBUG org.apache.http.wire - http-outgoing-0 << "{"coord":{"lon":-3.7038,"lat":40.4168},"weather":[{"id":802,"main":"Clouds","description":"scattered clouds","icon":"03n"}],"base":"stations","main":{"temp":12.11,"feels_like":10.86,"temp_min":10.21,"temp_max":12.68,"pressure":1014,"humidity":57,"sea_level":1014,"grnd_level":939},"visibility":10000,"wind":{"speed":2.68,"deg":346,"gust":6.26},"clouds":{"all":40},"dt":1746568326,"sys":{"type":2,"id":2084029,"country":"ES","sunrise":1746508074,"sunset":1746558894},"timezone":7200,"id":3117735,"name":"Madrid","cod":200}"
23:53:28.383 [main] DEBUG org.apache.http.headers - http-outgoing-0 << HTTP/1.1 200 OK
23:53:28.384 [main] DEBUG org.apache.http.headers - http-outgoing-0 << Server: openresty
23:53:28.384 [main] DEBUG org.apache.http.headers - http-outgoing-0 << Date: Tue, 06 May 2025 21:53:28 GMT
23:53:28.384 [main] DEBUG org.apache.http.headers - http-outgoing-0 << Content-Type: application/json; charset=utf-8
23:53:28.384 [main] DEBUG org.apache.http.headers - http-outgoing-0 << Content-Length: 521
23:53:28.384 [main] DEBUG org.apache.http.headers - http-outgoing-0 << Connection: keep-alive
23:53:28.384 [main] DEBUG org.apache.http.headers - http-outgoing-0 << X-Cache-Key: /data/2.5/weather?lat=40.42&lon=-3.7&units=metric
23:53:28.384 [main] DEBUG org.apache.http.headers - http-outgoing-0 << Access-Control-Allow-Origin: *
23:53:28.384 [main] DEBUG org.apache.http.headers - http-outgoing-0 << Access-Control-Allow-Credentials: true
23:53:28.385 [main] DEBUG org.apache.http.headers - http-outgoing-0 << Access-Control-Allow-Methods: GET, POST
23:53:28.388 [main] DEBUG org.apache.http.impl.execchain.MainClientExec - Connection can be kept alive indefinitely
23:53:28.391 [main] DEBUG org.apache.http.impl.conn.PoolingHttpClientConnectionManager - Connection [id: 0][route: {s}->https://api.openweathermap.org:443] can be kept alive indefinitely
23:53:28.392 [main] DEBUG org.apache.http.impl.conn.DefaultManagedHttpClientConnection - http-outgoing-0: set socket timeout to 0
23:53:28.392 [main] DEBUG org.apache.http.impl.conn.PoolingHttpClientConnectionManager - Connection released: [id: 0][route: {s}->https://api.openweathermap.org:443][total available: 1; route allocated: 1 of 5; total allocated: 1 of 10]
23:53:28.392 [main] DEBUG org.apache.http.impl.conn.PoolingHttpClientConnectionManager - Connection manager is shutting down
23:53:28.393 [main] DEBUG org.apache.http.impl.conn.DefaultManagedHttpClientConnection - http-outgoing-0: Close connection
23:53:28.395 [main] DEBUG org.apache.http.impl.conn.PoolingHttpClientConnectionManager - Connection manager shut down
23:53:28.398 [main] DEBUG com.intuit.karate - response time in milliseconds: 407
1 < 200
1 < Server: openresty
1 < Date: Tue, 06 May 2025 21:53:28 GMT
1 < Content-Type: application/json; charset=utf-8
1 < Content-Length: 521
1 < Connection: keep-alive
1 < X-Cache-Key: /data/2.5/weather?lat=40.42&lon=-3.7&units=metric
1 < Access-Control-Allow-Origin: *
1 < Access-Control-Allow-Credentials: true
1 < Access-Control-Allow-Methods: GET, POST
{"coord":{"lon":-3.7038,"lat":40.4168},"weather":[{"id":802,"main":"Clouds","description":"scattered clouds","icon":"03n"}],"base":"stations","main":{"temp":12.11,"feels_like":10.86,"temp_min":10.21,"temp_max":12.68,"pressure":1014,"humidity":57,"sea_level":1014,"grnd_level":939},"visibility":10000,"wind":{"speed":2.68,"deg":346,"gust":6.26},"clouds":{"all":40},"dt":1746568326,"sys":{"type":2,"id":2084029,"country":"ES","sunrise":1746508074,"sunset":1746558894},"timezone":7200,"id":3117735,"name":"Madrid","cod":200}

23:53:28.456 [main] DEBUG com.jayway.jsonpath.internal.path.CompiledPath - Evaluating path: $
23:53:28.468 [main] DEBUG com.jayway.jsonpath.internal.path.CompiledPath - Evaluating path: $['main']
23:53:28.469 [main] DEBUG com.jayway.jsonpath.internal.path.CompiledPath - Evaluating path: $
23:53:28.471 [main] DEBUG com.jayway.jsonpath.internal.path.CompiledPath - Evaluating path: $['weather'][0]
23:53:28.471 [main] DEBUG com.jayway.jsonpath.internal.path.CompiledPath - Evaluating path: $
]]></system-out>
  </testcase>
  <testcase name="[1.2:25] Valid current weather for coordinates 51.5074,-0.1278" classname="tests/test_current_weather" time="0.215">
    <system-out><![CDATA[23:53:28.495 [main] DEBUG org.apache.http.client.protocol.RequestAddCookies - CookieSpec selected: karate
23:53:28.495 [main] DEBUG org.apache.http.client.protocol.RequestAuthCache - Auth cache not set in the context
23:53:28.495 [main] DEBUG com.intuit.karate - request:
1 > GET https://api.openweathermap.org/data/2.5/weather?appid=4b66cf4f354cd07b407c07800dc8c2f9&lon=-0.1278&units=metric&lat=51.5074
1 > Accept: application/json
1 > Host: api.openweathermap.org
1 > Connection: Keep-Alive
1 > User-Agent: Apache-HttpClient/4.5.14 (Java/21.0.7)
1 > Accept-Encoding: gzip,deflate


23:53:28.495 [main] DEBUG org.apache.http.impl.conn.PoolingHttpClientConnectionManager - Connection request: [route: {s}->https://api.openweathermap.org:443][total available: 0; route allocated: 0 of 5; total allocated: 0 of 10]
23:53:28.495 [main] DEBUG org.apache.http.impl.conn.PoolingHttpClientConnectionManager - Connection leased: [id: 1][route: {s}->https://api.openweathermap.org:443][total available: 0; route allocated: 1 of 5; total allocated: 1 of 10]
23:53:28.495 [main] DEBUG org.apache.http.impl.execchain.MainClientExec - Opening connection {s}->https://api.openweathermap.org:443
23:53:28.496 [main] DEBUG org.apache.http.impl.conn.DefaultHttpClientConnectionOperator - Connecting to api.openweathermap.org/176.9.63.49:443
23:53:28.496 [main] DEBUG org.apache.http.conn.ssl.SSLConnectionSocketFactory - Connecting socket to api.openweathermap.org/176.9.63.49:443 with timeout 30000
23:53:28.564 [main] DEBUG org.apache.http.conn.ssl.SSLConnectionSocketFactory - Enabled protocols: [TLSv1.3, TLSv1.2]
23:53:28.565 [main] DEBUG org.apache.http.conn.ssl.SSLConnectionSocketFactory - Enabled cipher suites:[TLS_AES_256_GCM_SHA384, TLS_AES_128_GCM_SHA256, TLS_CHACHA20_POLY1305_SHA256, TLS_ECDHE_ECDSA_WITH_AES_256_GCM_SHA384, TLS_ECDHE_ECDSA_WITH_AES_128_GCM_SHA256, TLS_ECDHE_ECDSA_WITH_CHACHA20_POLY1305_SHA256, TLS_ECDHE_RSA_WITH_AES_256_GCM_SHA384, TLS_ECDHE_RSA_WITH_CHACHA20_POLY1305_SHA256, TLS_ECDHE_RSA_WITH_AES_128_GCM_SHA256, TLS_DHE_RSA_WITH_AES_256_GCM_SHA384, TLS_DHE_RSA_WITH_CHACHA20_POLY1305_SHA256, TLS_DHE_DSS_WITH_AES_256_GCM_SHA384, TLS_DHE_RSA_WITH_AES_128_GCM_SHA256, TLS_DHE_DSS_WITH_AES_128_GCM_SHA256, TLS_ECDHE_ECDSA_WITH_AES_256_CBC_SHA384, TLS_ECDHE_RSA_WITH_AES_256_CBC_SHA384, TLS_ECDHE_ECDSA_WITH_AES_128_CBC_SHA256, TLS_ECDHE_RSA_WITH_AES_128_CBC_SHA256, TLS_DHE_RSA_WITH_AES_256_CBC_SHA256, TLS_DHE_DSS_WITH_AES_256_CBC_SHA256, TLS_DHE_RSA_WITH_AES_128_CBC_SHA256, TLS_DHE_DSS_WITH_AES_128_CBC_SHA256, TLS_ECDHE_ECDSA_WITH_AES_256_CBC_SHA, TLS_ECDHE_RSA_WITH_AES_256_CBC_SHA, TLS_ECDHE_ECDSA_WITH_AES_128_CBC_SHA, TLS_ECDHE_RSA_WITH_AES_128_CBC_SHA, TLS_DHE_RSA_WITH_AES_256_CBC_SHA, TLS_DHE_DSS_WITH_AES_256_CBC_SHA, TLS_DHE_RSA_WITH_AES_128_CBC_SHA, TLS_DHE_DSS_WITH_AES_128_CBC_SHA, TLS_RSA_WITH_AES_256_GCM_SHA384, TLS_RSA_WITH_AES_128_GCM_SHA256, TLS_RSA_WITH_AES_256_CBC_SHA256, TLS_RSA_WITH_AES_128_CBC_SHA256, TLS_RSA_WITH_AES_256_CBC_SHA, TLS_RSA_WITH_AES_128_CBC_SHA, TLS_EMPTY_RENEGOTIATION_INFO_SCSV]
23:53:28.565 [main] DEBUG org.apache.http.conn.ssl.SSLConnectionSocketFactory - Starting handshake
23:53:28.627 [main] DEBUG org.apache.http.conn.ssl.SSLConnectionSocketFactory - Secure session established
23:53:28.627 [main] DEBUG org.apache.http.conn.ssl.SSLConnectionSocketFactory -  negotiated protocol: TLSv1.3
23:53:28.627 [main] DEBUG org.apache.http.conn.ssl.SSLConnectionSocketFactory -  negotiated cipher suite: TLS_AES_256_GCM_SHA384
23:53:28.627 [main] DEBUG org.apache.http.conn.ssl.SSLConnectionSocketFactory -  peer principal: CN=*.openweathermap.org, O=Openweather Ltd., ST=London, C=GB
23:53:28.627 [main] DEBUG org.apache.http.conn.ssl.SSLConnectionSocketFactory -  peer alternative names: [*.openweathermap.org, openweathermap.org]
23:53:28.628 [main] DEBUG org.apache.http.conn.ssl.SSLConnectionSocketFactory -  issuer principal: CN=Sectigo RSA Organization Validation Secure Server CA, O=Sectigo Limited, L=Salford, ST=Greater Manchester, C=GB
23:53:28.628 [main] DEBUG org.apache.http.impl.conn.DefaultHttpClientConnectionOperator - Connection established 192.168.1.135:42308<->176.9.63.49:443
23:53:28.628 [main] DEBUG org.apache.http.impl.conn.DefaultManagedHttpClientConnection - http-outgoing-1: set socket timeout to 30000
23:53:28.628 [main] DEBUG org.apache.http.impl.execchain.MainClientExec - Executing request GET /data/2.5/weather?appid=4b66cf4f354cd07b407c07800dc8c2f9&lon=-0.1278&units=metric&lat=51.5074 HTTP/1.1
23:53:28.629 [main] DEBUG org.apache.http.impl.execchain.MainClientExec - Target auth state: UNCHALLENGED
23:53:28.629 [main] DEBUG org.apache.http.impl.execchain.MainClientExec - Proxy auth state: UNCHALLENGED
23:53:28.629 [main] DEBUG org.apache.http.headers - http-outgoing-1 >> GET /data/2.5/weather?appid=4b66cf4f354cd07b407c07800dc8c2f9&lon=-0.1278&units=metric&lat=51.5074 HTTP/1.1
23:53:28.630 [main] DEBUG org.apache.http.headers - http-outgoing-1 >> Accept: application/json
23:53:28.630 [main] DEBUG org.apache.http.headers - http-outgoing-1 >> Host: api.openweathermap.org
23:53:28.630 [main] DEBUG org.apache.http.headers - http-outgoing-1 >> Connection: Keep-Alive
23:53:28.630 [main] DEBUG org.apache.http.headers - http-outgoing-1 >> User-Agent: Apache-HttpClient/4.5.14 (Java/21.0.7)
23:53:28.630 [main] DEBUG org.apache.http.headers - http-outgoing-1 >> Accept-Encoding: gzip,deflate
23:53:28.630 [main] DEBUG org.apache.http.wire - http-outgoing-1 >> "GET /data/2.5/weather?appid=4b66cf4f354cd07b407c07800dc8c2f9&lon=-0.1278&units=metric&lat=51.5074 HTTP/1.1[\r][\n]"
23:53:28.630 [main] DEBUG org.apache.http.wire - http-outgoing-1 >> "Accept: application/json[\r][\n]"
23:53:28.630 [main] DEBUG org.apache.http.wire - http-outgoing-1 >> "Host: api.openweathermap.org[\r][\n]"
23:53:28.630 [main] DEBUG org.apache.http.wire - http-outgoing-1 >> "Connection: Keep-Alive[\r][\n]"
23:53:28.630 [main] DEBUG org.apache.http.wire - http-outgoing-1 >> "User-Agent: Apache-HttpClient/4.5.14 (Java/21.0.7)[\r][\n]"
23:53:28.631 [main] DEBUG org.apache.http.wire - http-outgoing-1 >> "Accept-Encoding: gzip,deflate[\r][\n]"
23:53:28.631 [main] DEBUG org.apache.http.wire - http-outgoing-1 >> "[\r][\n]"
23:53:28.677 [main] DEBUG org.apache.http.wire - http-outgoing-1 << "HTTP/1.1 200 OK[\r][\n]"
23:53:28.677 [main] DEBUG org.apache.http.wire - http-outgoing-1 << "Server: openresty[\r][\n]"
23:53:28.677 [main] DEBUG org.apache.http.wire - http-outgoing-1 << "Date: Tue, 06 May 2025 21:53:28 GMT[\r][\n]"
23:53:28.677 [main] DEBUG org.apache.http.wire - http-outgoing-1 << "Content-Type: application/json; charset=utf-8[\r][\n]"
23:53:28.677 [main] DEBUG org.apache.http.wire - http-outgoing-1 << "Content-Length: 501[\r][\n]"
23:53:28.677 [main] DEBUG org.apache.http.wire - http-outgoing-1 << "Connection: keep-alive[\r][\n]"
23:53:28.677 [main] DEBUG org.apache.http.wire - http-outgoing-1 << "X-Cache-Key: /data/2.5/weather?lat=51.51&lon=-0.13&units=metric[\r][\n]"
23:53:28.677 [main] DEBUG org.apache.http.wire - http-outgoing-1 << "Access-Control-Allow-Origin: *[\r][\n]"
23:53:28.677 [main] DEBUG org.apache.http.wire - http-outgoing-1 << "Access-Control-Allow-Credentials: true[\r][\n]"
23:53:28.677 [main] DEBUG org.apache.http.wire - http-outgoing-1 << "Access-Control-Allow-Methods: GET, POST[\r][\n]"
23:53:28.678 [main] DEBUG org.apache.http.wire - http-outgoing-1 << "[\r][\n]"
23:53:28.678 [main] DEBUG org.apache.http.wire - http-outgoing-1 << "{"coord":{"lon":-0.1278,"lat":51.5074},"weather":[{"id":803,"main":"Clouds","description":"broken clouds","icon":"04n"}],"base":"stations","main":{"temp":10.21,"feels_like":9.19,"temp_min":8.78,"temp_max":11,"pressure":1025,"humidity":73,"sea_level":1025,"grnd_level":1021},"visibility":10000,"wind":{"speed":4.63,"deg":30},"clouds":{"all":75},"dt":1746568144,"sys":{"type":2,"id":2075535,"country":"GB","sunrise":1746505384,"sunset":1746559868},"timezone":3600,"id":2643743,"name":"London","cod":200}"
23:53:28.678 [main] DEBUG org.apache.http.headers - http-outgoing-1 << HTTP/1.1 200 OK
23:53:28.678 [main] DEBUG org.apache.http.headers - http-outgoing-1 << Server: openresty
23:53:28.678 [main] DEBUG org.apache.http.headers - http-outgoing-1 << Date: Tue, 06 May 2025 21:53:28 GMT
23:53:28.678 [main] DEBUG org.apache.http.headers - http-outgoing-1 << Content-Type: application/json; charset=utf-8
23:53:28.678 [main] DEBUG org.apache.http.headers - http-outgoing-1 << Content-Length: 501
23:53:28.678 [main] DEBUG org.apache.http.headers - http-outgoing-1 << Connection: keep-alive
23:53:28.678 [main] DEBUG org.apache.http.headers - http-outgoing-1 << X-Cache-Key: /data/2.5/weather?lat=51.51&lon=-0.13&units=metric
23:53:28.679 [main] DEBUG org.apache.http.headers - http-outgoing-1 << Access-Control-Allow-Origin: *
23:53:28.679 [main] DEBUG org.apache.http.headers - http-outgoing-1 << Access-Control-Allow-Credentials: true
23:53:28.679 [main] DEBUG org.apache.http.headers - http-outgoing-1 << Access-Control-Allow-Methods: GET, POST
23:53:28.679 [main] DEBUG org.apache.http.impl.execchain.MainClientExec - Connection can be kept alive indefinitely
23:53:28.679 [main] DEBUG org.apache.http.impl.conn.PoolingHttpClientConnectionManager - Connection [id: 1][route: {s}->https://api.openweathermap.org:443] can be kept alive indefinitely
23:53:28.679 [main] DEBUG org.apache.http.impl.conn.DefaultManagedHttpClientConnection - http-outgoing-1: set socket timeout to 0
23:53:28.680 [main] DEBUG org.apache.http.impl.conn.PoolingHttpClientConnectionManager - Connection released: [id: 1][route: {s}->https://api.openweathermap.org:443][total available: 1; route allocated: 1 of 5; total allocated: 1 of 10]
23:53:28.680 [main] DEBUG org.apache.http.impl.conn.PoolingHttpClientConnectionManager - Connection manager is shutting down
23:53:28.680 [main] DEBUG org.apache.http.impl.conn.DefaultManagedHttpClientConnection - http-outgoing-1: Close connection
23:53:28.681 [main] DEBUG org.apache.http.impl.conn.PoolingHttpClientConnectionManager - Connection manager shut down
23:53:28.681 [main] DEBUG com.intuit.karate - response time in milliseconds: 185
1 < 200
1 < Server: openresty
1 < Date: Tue, 06 May 2025 21:53:28 GMT
1 < Content-Type: application/json; charset=utf-8
1 < Content-Length: 501
1 < Connection: keep-alive
1 < X-Cache-Key: /data/2.5/weather?lat=51.51&lon=-0.13&units=metric
1 < Access-Control-Allow-Origin: *
1 < Access-Control-Allow-Credentials: true
1 < Access-Control-Allow-Methods: GET, POST
{"coord":{"lon":-0.1278,"lat":51.5074},"weather":[{"id":803,"main":"Clouds","description":"broken clouds","icon":"04n"}],"base":"stations","main":{"temp":10.21,"feels_like":9.19,"temp_min":8.78,"temp_max":11,"pressure":1025,"humidity":73,"sea_level":1025,"grnd_level":1021},"visibility":10000,"wind":{"speed":4.63,"deg":30},"clouds":{"all":75},"dt":1746568144,"sys":{"type":2,"id":2075535,"country":"GB","sunrise":1746505384,"sunset":1746559868},"timezone":3600,"id":2643743,"name":"London","cod":200}

23:53:28.687 [main] DEBUG com.jayway.jsonpath.internal.path.CompiledPath - Evaluating path: $
23:53:28.689 [main] DEBUG com.jayway.jsonpath.internal.path.CompiledPath - Evaluating path: $['main']
23:53:28.690 [main] DEBUG com.jayway.jsonpath.internal.path.CompiledPath - Evaluating path: $
23:53:28.691 [main] DEBUG com.jayway.jsonpath.internal.path.CompiledPath - Evaluating path: $['weather'][0]
23:53:28.692 [main] DEBUG com.jayway.jsonpath.internal.path.CompiledPath - Evaluating path: $
]]></system-out>
  </testcase>
  <testcase name="[1.3:26] Valid current weather for coordinates 40.7128,-74.0060" classname="tests/test_current_weather" time="0.199">
    <system-out><![CDATA[23:53:28.724 [main] DEBUG org.apache.http.client.protocol.RequestAddCookies - CookieSpec selected: karate
23:53:28.724 [main] DEBUG org.apache.http.client.protocol.RequestAuthCache - Auth cache not set in the context
23:53:28.724 [main] DEBUG com.intuit.karate - request:
1 > GET https://api.openweathermap.org/data/2.5/weather?appid=4b66cf4f354cd07b407c07800dc8c2f9&lon=-74.0060&units=metric&lat=40.7128
1 > Accept: application/json
1 > Host: api.openweathermap.org
1 > Connection: Keep-Alive
1 > User-Agent: Apache-HttpClient/4.5.14 (Java/21.0.7)
1 > Accept-Encoding: gzip,deflate


23:53:28.725 [main] DEBUG org.apache.http.impl.conn.PoolingHttpClientConnectionManager - Connection request: [route: {s}->https://api.openweathermap.org:443][total available: 0; route allocated: 0 of 5; total allocated: 0 of 10]
23:53:28.725 [main] DEBUG org.apache.http.impl.conn.PoolingHttpClientConnectionManager - Connection leased: [id: 2][route: {s}->https://api.openweathermap.org:443][total available: 0; route allocated: 1 of 5; total allocated: 1 of 10]
23:53:28.725 [main] DEBUG org.apache.http.impl.execchain.MainClientExec - Opening connection {s}->https://api.openweathermap.org:443
23:53:28.725 [main] DEBUG org.apache.http.impl.conn.DefaultHttpClientConnectionOperator - Connecting to api.openweathermap.org/176.9.63.49:443
23:53:28.725 [main] DEBUG org.apache.http.conn.ssl.SSLConnectionSocketFactory - Connecting socket to api.openweathermap.org/176.9.63.49:443 with timeout 30000
23:53:28.772 [main] DEBUG org.apache.http.conn.ssl.SSLConnectionSocketFactory - Enabled protocols: [TLSv1.3, TLSv1.2]
23:53:28.772 [main] DEBUG org.apache.http.conn.ssl.SSLConnectionSocketFactory - Enabled cipher suites:[TLS_AES_256_GCM_SHA384, TLS_AES_128_GCM_SHA256, TLS_CHACHA20_POLY1305_SHA256, TLS_ECDHE_ECDSA_WITH_AES_256_GCM_SHA384, TLS_ECDHE_ECDSA_WITH_AES_128_GCM_SHA256, TLS_ECDHE_ECDSA_WITH_CHACHA20_POLY1305_SHA256, TLS_ECDHE_RSA_WITH_AES_256_GCM_SHA384, TLS_ECDHE_RSA_WITH_CHACHA20_POLY1305_SHA256, TLS_ECDHE_RSA_WITH_AES_128_GCM_SHA256, TLS_DHE_RSA_WITH_AES_256_GCM_SHA384, TLS_DHE_RSA_WITH_CHACHA20_POLY1305_SHA256, TLS_DHE_DSS_WITH_AES_256_GCM_SHA384, TLS_DHE_RSA_WITH_AES_128_GCM_SHA256, TLS_DHE_DSS_WITH_AES_128_GCM_SHA256, TLS_ECDHE_ECDSA_WITH_AES_256_CBC_SHA384, TLS_ECDHE_RSA_WITH_AES_256_CBC_SHA384, TLS_ECDHE_ECDSA_WITH_AES_128_CBC_SHA256, TLS_ECDHE_RSA_WITH_AES_128_CBC_SHA256, TLS_DHE_RSA_WITH_AES_256_CBC_SHA256, TLS_DHE_DSS_WITH_AES_256_CBC_SHA256, TLS_DHE_RSA_WITH_AES_128_CBC_SHA256, TLS_DHE_DSS_WITH_AES_128_CBC_SHA256, TLS_ECDHE_ECDSA_WITH_AES_256_CBC_SHA, TLS_ECDHE_RSA_WITH_AES_256_CBC_SHA, TLS_ECDHE_ECDSA_WITH_AES_128_CBC_SHA, TLS_ECDHE_RSA_WITH_AES_128_CBC_SHA, TLS_DHE_RSA_WITH_AES_256_CBC_SHA, TLS_DHE_DSS_WITH_AES_256_CBC_SHA, TLS_DHE_RSA_WITH_AES_128_CBC_SHA, TLS_DHE_DSS_WITH_AES_128_CBC_SHA, TLS_RSA_WITH_AES_256_GCM_SHA384, TLS_RSA_WITH_AES_128_GCM_SHA256, TLS_RSA_WITH_AES_256_CBC_SHA256, TLS_RSA_WITH_AES_128_CBC_SHA256, TLS_RSA_WITH_AES_256_CBC_SHA, TLS_RSA_WITH_AES_128_CBC_SHA, TLS_EMPTY_RENEGOTIATION_INFO_SCSV]
23:53:28.773 [main] DEBUG org.apache.http.conn.ssl.SSLConnectionSocketFactory - Starting handshake
23:53:28.831 [main] DEBUG org.apache.http.conn.ssl.SSLConnectionSocketFactory - Secure session established
23:53:28.831 [main] DEBUG org.apache.http.conn.ssl.SSLConnectionSocketFactory -  negotiated protocol: TLSv1.3
23:53:28.831 [main] DEBUG org.apache.http.conn.ssl.SSLConnectionSocketFactory -  negotiated cipher suite: TLS_AES_256_GCM_SHA384
23:53:28.831 [main] DEBUG org.apache.http.conn.ssl.SSLConnectionSocketFactory -  peer principal: CN=*.openweathermap.org, O=Openweather Ltd., ST=London, C=GB
23:53:28.831 [main] DEBUG org.apache.http.conn.ssl.SSLConnectionSocketFactory -  peer alternative names: [*.openweathermap.org, openweathermap.org]
23:53:28.831 [main] DEBUG org.apache.http.conn.ssl.SSLConnectionSocketFactory -  issuer principal: CN=Sectigo RSA Organization Validation Secure Server CA, O=Sectigo Limited, L=Salford, ST=Greater Manchester, C=GB
23:53:28.831 [main] DEBUG org.apache.http.impl.conn.DefaultHttpClientConnectionOperator - Connection established 192.168.1.135:42314<->176.9.63.49:443
23:53:28.832 [main] DEBUG org.apache.http.impl.conn.DefaultManagedHttpClientConnection - http-outgoing-2: set socket timeout to 30000
23:53:28.832 [main] DEBUG org.apache.http.impl.execchain.MainClientExec - Executing request GET /data/2.5/weather?appid=4b66cf4f354cd07b407c07800dc8c2f9&lon=-74.0060&units=metric&lat=40.7128 HTTP/1.1
23:53:28.832 [main] DEBUG org.apache.http.impl.execchain.MainClientExec - Target auth state: UNCHALLENGED
23:53:28.832 [main] DEBUG org.apache.http.impl.execchain.MainClientExec - Proxy auth state: UNCHALLENGED
23:53:28.832 [main] DEBUG org.apache.http.headers - http-outgoing-2 >> GET /data/2.5/weather?appid=4b66cf4f354cd07b407c07800dc8c2f9&lon=-74.0060&units=metric&lat=40.7128 HTTP/1.1
23:53:28.832 [main] DEBUG org.apache.http.headers - http-outgoing-2 >> Accept: application/json
23:53:28.832 [main] DEBUG org.apache.http.headers - http-outgoing-2 >> Host: api.openweathermap.org
23:53:28.832 [main] DEBUG org.apache.http.headers - http-outgoing-2 >> Connection: Keep-Alive
23:53:28.833 [main] DEBUG org.apache.http.headers - http-outgoing-2 >> User-Agent: Apache-HttpClient/4.5.14 (Java/21.0.7)
23:53:28.833 [main] DEBUG org.apache.http.headers - http-outgoing-2 >> Accept-Encoding: gzip,deflate
23:53:28.833 [main] DEBUG org.apache.http.wire - http-outgoing-2 >> "GET /data/2.5/weather?appid=4b66cf4f354cd07b407c07800dc8c2f9&lon=-74.0060&units=metric&lat=40.7128 HTTP/1.1[\r][\n]"
23:53:28.833 [main] DEBUG org.apache.http.wire - http-outgoing-2 >> "Accept: application/json[\r][\n]"
23:53:28.833 [main] DEBUG org.apache.http.wire - http-outgoing-2 >> "Host: api.openweathermap.org[\r][\n]"
23:53:28.833 [main] DEBUG org.apache.http.wire - http-outgoing-2 >> "Connection: Keep-Alive[\r][\n]"
23:53:28.833 [main] DEBUG org.apache.http.wire - http-outgoing-2 >> "User-Agent: Apache-HttpClient/4.5.14 (Java/21.0.7)[\r][\n]"
23:53:28.833 [main] DEBUG org.apache.http.wire - http-outgoing-2 >> "Accept-Encoding: gzip,deflate[\r][\n]"
23:53:28.833 [main] DEBUG org.apache.http.wire - http-outgoing-2 >> "[\r][\n]"
23:53:28.878 [main] DEBUG org.apache.http.wire - http-outgoing-2 << "HTTP/1.1 200 OK[\r][\n]"
23:53:28.879 [main] DEBUG org.apache.http.wire - http-outgoing-2 << "Server: openresty[\r][\n]"
23:53:28.879 [main] DEBUG org.apache.http.wire - http-outgoing-2 << "Date: Tue, 06 May 2025 21:53:28 GMT[\r][\n]"
23:53:28.879 [main] DEBUG org.apache.http.wire - http-outgoing-2 << "Content-Type: application/json; charset=utf-8[\r][\n]"
23:53:28.879 [main] DEBUG org.apache.http.wire - http-outgoing-2 << "Content-Length: 512[\r][\n]"
23:53:28.879 [main] DEBUG org.apache.http.wire - http-outgoing-2 << "Connection: keep-alive[\r][\n]"
23:53:28.879 [main] DEBUG org.apache.http.wire - http-outgoing-2 << "X-Cache-Key: /data/2.5/weather?lat=40.71&lon=-74.01&units=metric[\r][\n]"
23:53:28.879 [main] DEBUG org.apache.http.wire - http-outgoing-2 << "Access-Control-Allow-Origin: *[\r][\n]"
23:53:28.879 [main] DEBUG org.apache.http.wire - http-outgoing-2 << "Access-Control-Allow-Credentials: true[\r][\n]"
23:53:28.879 [main] DEBUG org.apache.http.wire - http-outgoing-2 << "Access-Control-Allow-Methods: GET, POST[\r][\n]"
23:53:28.879 [main] DEBUG org.apache.http.wire - http-outgoing-2 << "[\r][\n]"
23:53:28.880 [main] DEBUG org.apache.http.wire - http-outgoing-2 << "{"coord":{"lon":-74.006,"lat":40.7128},"weather":[{"id":701,"main":"Mist","description":"mist","icon":"50d"}],"base":"stations","main":{"temp":15.65,"feels_like":15.73,"temp_min":14.59,"temp_max":17.33,"pressure":1013,"humidity":94,"sea_level":1013,"grnd_level":1011},"visibility":4828,"wind":{"speed":8.23,"deg":130,"gust":10.8},"clouds":{"all":100},"dt":1746568209,"sys":{"type":2,"id":2037026,"country":"US","sunrise":1746524893,"sunset":1746575819},"timezone":-14400,"id":5128581,"name":"New York","cod":200}"
23:53:28.880 [main] DEBUG org.apache.http.headers - http-outgoing-2 << HTTP/1.1 200 OK
23:53:28.880 [main] DEBUG org.apache.http.headers - http-outgoing-2 << Server: openresty
23:53:28.880 [main] DEBUG org.apache.http.headers - http-outgoing-2 << Date: Tue, 06 May 2025 21:53:28 GMT
23:53:28.880 [main] DEBUG org.apache.http.headers - http-outgoing-2 << Content-Type: application/json; charset=utf-8
23:53:28.881 [main] DEBUG org.apache.http.headers - http-outgoing-2 << Content-Length: 512
23:53:28.881 [main] DEBUG org.apache.http.headers - http-outgoing-2 << Connection: keep-alive
23:53:28.881 [main] DEBUG org.apache.http.headers - http-outgoing-2 << X-Cache-Key: /data/2.5/weather?lat=40.71&lon=-74.01&units=metric
23:53:28.881 [main] DEBUG org.apache.http.headers - http-outgoing-2 << Access-Control-Allow-Origin: *
23:53:28.881 [main] DEBUG org.apache.http.headers - http-outgoing-2 << Access-Control-Allow-Credentials: true
23:53:28.881 [main] DEBUG org.apache.http.headers - http-outgoing-2 << Access-Control-Allow-Methods: GET, POST
23:53:28.882 [main] DEBUG org.apache.http.impl.execchain.MainClientExec - Connection can be kept alive indefinitely
23:53:28.882 [main] DEBUG org.apache.http.impl.conn.PoolingHttpClientConnectionManager - Connection [id: 2][route: {s}->https://api.openweathermap.org:443] can be kept alive indefinitely
23:53:28.883 [main] DEBUG org.apache.http.impl.conn.DefaultManagedHttpClientConnection - http-outgoing-2: set socket timeout to 0
23:53:28.883 [main] DEBUG org.apache.http.impl.conn.PoolingHttpClientConnectionManager - Connection released: [id: 2][route: {s}->https://api.openweathermap.org:443][total available: 1; route allocated: 1 of 5; total allocated: 1 of 10]
23:53:28.883 [main] DEBUG org.apache.http.impl.conn.PoolingHttpClientConnectionManager - Connection manager is shutting down
23:53:28.883 [main] DEBUG org.apache.http.impl.conn.DefaultManagedHttpClientConnection - http-outgoing-2: Close connection
23:53:28.884 [main] DEBUG org.apache.http.impl.conn.PoolingHttpClientConnectionManager - Connection manager shut down
23:53:28.884 [main] DEBUG com.intuit.karate - response time in milliseconds: 158
1 < 200
1 < Server: openresty
1 < Date: Tue, 06 May 2025 21:53:28 GMT
1 < Content-Type: application/json; charset=utf-8
1 < Content-Length: 512
1 < Connection: keep-alive
1 < X-Cache-Key: /data/2.5/weather?lat=40.71&lon=-74.01&units=metric
1 < Access-Control-Allow-Origin: *
1 < Access-Control-Allow-Credentials: true
1 < Access-Control-Allow-Methods: GET, POST
{"coord":{"lon":-74.006,"lat":40.7128},"weather":[{"id":701,"main":"Mist","description":"mist","icon":"50d"}],"base":"stations","main":{"temp":15.65,"feels_like":15.73,"temp_min":14.59,"temp_max":17.33,"pressure":1013,"humidity":94,"sea_level":1013,"grnd_level":1011},"visibility":4828,"wind":{"speed":8.23,"deg":130,"gust":10.8},"clouds":{"all":100},"dt":1746568209,"sys":{"type":2,"id":2037026,"country":"US","sunrise":1746524893,"sunset":1746575819},"timezone":-14400,"id":5128581,"name":"New York","cod":200}

23:53:28.889 [main] DEBUG com.jayway.jsonpath.internal.path.CompiledPath - Evaluating path: $
23:53:28.891 [main] DEBUG com.jayway.jsonpath.internal.path.CompiledPath - Evaluating path: $['main']
23:53:28.891 [main] DEBUG com.jayway.jsonpath.internal.path.CompiledPath - Evaluating path: $
23:53:28.893 [main] DEBUG com.jayway.jsonpath.internal.path.CompiledPath - Evaluating path: $['weather'][0]
23:53:28.894 [main] DEBUG com.jayway.jsonpath.internal.path.CompiledPath - Evaluating path: $
]]></system-out>
  </testcase>
  <testcase name="[2:28] Missing API key returns 401" classname="tests/test_current_weather" time="0.203">
    <system-out><![CDATA[23:53:28.922 [main] DEBUG org.apache.http.client.protocol.RequestAddCookies - CookieSpec selected: karate
23:53:28.922 [main] DEBUG org.apache.http.client.protocol.RequestAuthCache - Auth cache not set in the context
23:53:28.922 [main] DEBUG com.intuit.karate - request:
1 > GET https://api.openweathermap.org/data/2.5/weather?lon=-3.7038&lat=40.4168
1 > Accept: application/json
1 > Host: api.openweathermap.org
1 > Connection: Keep-Alive
1 > User-Agent: Apache-HttpClient/4.5.14 (Java/21.0.7)
1 > Accept-Encoding: gzip,deflate


23:53:28.923 [main] DEBUG org.apache.http.impl.conn.PoolingHttpClientConnectionManager - Connection request: [route: {s}->https://api.openweathermap.org:443][total available: 0; route allocated: 0 of 5; total allocated: 0 of 10]
23:53:28.923 [main] DEBUG org.apache.http.impl.conn.PoolingHttpClientConnectionManager - Connection leased: [id: 3][route: {s}->https://api.openweathermap.org:443][total available: 0; route allocated: 1 of 5; total allocated: 1 of 10]
23:53:28.923 [main] DEBUG org.apache.http.impl.execchain.MainClientExec - Opening connection {s}->https://api.openweathermap.org:443
23:53:28.924 [main] DEBUG org.apache.http.impl.conn.DefaultHttpClientConnectionOperator - Connecting to api.openweathermap.org/176.9.63.49:443
23:53:28.924 [main] DEBUG org.apache.http.conn.ssl.SSLConnectionSocketFactory - Connecting socket to api.openweathermap.org/176.9.63.49:443 with timeout 30000
23:53:28.977 [main] DEBUG org.apache.http.conn.ssl.SSLConnectionSocketFactory - Enabled protocols: [TLSv1.3, TLSv1.2]
23:53:28.977 [main] DEBUG org.apache.http.conn.ssl.SSLConnectionSocketFactory - Enabled cipher suites:[TLS_AES_256_GCM_SHA384, TLS_AES_128_GCM_SHA256, TLS_CHACHA20_POLY1305_SHA256, TLS_ECDHE_ECDSA_WITH_AES_256_GCM_SHA384, TLS_ECDHE_ECDSA_WITH_AES_128_GCM_SHA256, TLS_ECDHE_ECDSA_WITH_CHACHA20_POLY1305_SHA256, TLS_ECDHE_RSA_WITH_AES_256_GCM_SHA384, TLS_ECDHE_RSA_WITH_CHACHA20_POLY1305_SHA256, TLS_ECDHE_RSA_WITH_AES_128_GCM_SHA256, TLS_DHE_RSA_WITH_AES_256_GCM_SHA384, TLS_DHE_RSA_WITH_CHACHA20_POLY1305_SHA256, TLS_DHE_DSS_WITH_AES_256_GCM_SHA384, TLS_DHE_RSA_WITH_AES_128_GCM_SHA256, TLS_DHE_DSS_WITH_AES_128_GCM_SHA256, TLS_ECDHE_ECDSA_WITH_AES_256_CBC_SHA384, TLS_ECDHE_RSA_WITH_AES_256_CBC_SHA384, TLS_ECDHE_ECDSA_WITH_AES_128_CBC_SHA256, TLS_ECDHE_RSA_WITH_AES_128_CBC_SHA256, TLS_DHE_RSA_WITH_AES_256_CBC_SHA256, TLS_DHE_DSS_WITH_AES_256_CBC_SHA256, TLS_DHE_RSA_WITH_AES_128_CBC_SHA256, TLS_DHE_DSS_WITH_AES_128_CBC_SHA256, TLS_ECDHE_ECDSA_WITH_AES_256_CBC_SHA, TLS_ECDHE_RSA_WITH_AES_256_CBC_SHA, TLS_ECDHE_ECDSA_WITH_AES_128_CBC_SHA, TLS_ECDHE_RSA_WITH_AES_128_CBC_SHA, TLS_DHE_RSA_WITH_AES_256_CBC_SHA, TLS_DHE_DSS_WITH_AES_256_CBC_SHA, TLS_DHE_RSA_WITH_AES_128_CBC_SHA, TLS_DHE_DSS_WITH_AES_128_CBC_SHA, TLS_RSA_WITH_AES_256_GCM_SHA384, TLS_RSA_WITH_AES_128_GCM_SHA256, TLS_RSA_WITH_AES_256_CBC_SHA256, TLS_RSA_WITH_AES_128_CBC_SHA256, TLS_RSA_WITH_AES_256_CBC_SHA, TLS_RSA_WITH_AES_128_CBC_SHA, TLS_EMPTY_RENEGOTIATION_INFO_SCSV]
23:53:28.978 [main] DEBUG org.apache.http.conn.ssl.SSLConnectionSocketFactory - Starting handshake
23:53:29.040 [main] DEBUG org.apache.http.conn.ssl.SSLConnectionSocketFactory - Secure session established
23:53:29.040 [main] DEBUG org.apache.http.conn.ssl.SSLConnectionSocketFactory -  negotiated protocol: TLSv1.3
23:53:29.040 [main] DEBUG org.apache.http.conn.ssl.SSLConnectionSocketFactory -  negotiated cipher suite: TLS_AES_256_GCM_SHA384
23:53:29.040 [main] DEBUG org.apache.http.conn.ssl.SSLConnectionSocketFactory -  peer principal: CN=*.openweathermap.org, O=Openweather Ltd., ST=London, C=GB
23:53:29.041 [main] DEBUG org.apache.http.conn.ssl.SSLConnectionSocketFactory -  peer alternative names: [*.openweathermap.org, openweathermap.org]
23:53:29.041 [main] DEBUG org.apache.http.conn.ssl.SSLConnectionSocketFactory -  issuer principal: CN=Sectigo RSA Organization Validation Secure Server CA, O=Sectigo Limited, L=Salford, ST=Greater Manchester, C=GB
23:53:29.041 [main] DEBUG org.apache.http.impl.conn.DefaultHttpClientConnectionOperator - Connection established 192.168.1.135:42328<->176.9.63.49:443
23:53:29.042 [main] DEBUG org.apache.http.impl.conn.DefaultManagedHttpClientConnection - http-outgoing-3: set socket timeout to 30000
23:53:29.042 [main] DEBUG org.apache.http.impl.execchain.MainClientExec - Executing request GET /data/2.5/weather?lon=-3.7038&lat=40.4168 HTTP/1.1
23:53:29.042 [main] DEBUG org.apache.http.impl.execchain.MainClientExec - Target auth state: UNCHALLENGED
23:53:29.042 [main] DEBUG org.apache.http.impl.execchain.MainClientExec - Proxy auth state: UNCHALLENGED
23:53:29.043 [main] DEBUG org.apache.http.headers - http-outgoing-3 >> GET /data/2.5/weather?lon=-3.7038&lat=40.4168 HTTP/1.1
23:53:29.043 [main] DEBUG org.apache.http.headers - http-outgoing-3 >> Accept: application/json
23:53:29.043 [main] DEBUG org.apache.http.headers - http-outgoing-3 >> Host: api.openweathermap.org
23:53:29.043 [main] DEBUG org.apache.http.headers - http-outgoing-3 >> Connection: Keep-Alive
23:53:29.043 [main] DEBUG org.apache.http.headers - http-outgoing-3 >> User-Agent: Apache-HttpClient/4.5.14 (Java/21.0.7)
23:53:29.043 [main] DEBUG org.apache.http.headers - http-outgoing-3 >> Accept-Encoding: gzip,deflate
23:53:29.043 [main] DEBUG org.apache.http.wire - http-outgoing-3 >> "GET /data/2.5/weather?lon=-3.7038&lat=40.4168 HTTP/1.1[\r][\n]"
23:53:29.044 [main] DEBUG org.apache.http.wire - http-outgoing-3 >> "Accept: application/json[\r][\n]"
23:53:29.044 [main] DEBUG org.apache.http.wire - http-outgoing-3 >> "Host: api.openweathermap.org[\r][\n]"
23:53:29.044 [main] DEBUG org.apache.http.wire - http-outgoing-3 >> "Connection: Keep-Alive[\r][\n]"
23:53:29.044 [main] DEBUG org.apache.http.wire - http-outgoing-3 >> "User-Agent: Apache-HttpClient/4.5.14 (Java/21.0.7)[\r][\n]"
23:53:29.044 [main] DEBUG org.apache.http.wire - http-outgoing-3 >> "Accept-Encoding: gzip,deflate[\r][\n]"
23:53:29.044 [main] DEBUG org.apache.http.wire - http-outgoing-3 >> "[\r][\n]"
23:53:29.090 [main] DEBUG org.apache.http.wire - http-outgoing-3 << "HTTP/1.1 401 Unauthorized[\r][\n]"
23:53:29.090 [main] DEBUG org.apache.http.wire - http-outgoing-3 << "Server: openresty[\r][\n]"
23:53:29.090 [main] DEBUG org.apache.http.wire - http-outgoing-3 << "Date: Tue, 06 May 2025 21:53:28 GMT[\r][\n]"
23:53:29.090 [main] DEBUG org.apache.http.wire - http-outgoing-3 << "Content-Type: application/json; charset=utf-8[\r][\n]"
23:53:29.090 [main] DEBUG org.apache.http.wire - http-outgoing-3 << "Content-Length: 108[\r][\n]"
23:53:29.090 [main] DEBUG org.apache.http.wire - http-outgoing-3 << "Connection: keep-alive[\r][\n]"
23:53:29.091 [main] DEBUG org.apache.http.wire - http-outgoing-3 << "X-Cache-Key: /data/2.5/weather?lat=40.42&lon=-3.7[\r][\n]"
23:53:29.091 [main] DEBUG org.apache.http.wire - http-outgoing-3 << "Access-Control-Allow-Origin: *[\r][\n]"
23:53:29.091 [main] DEBUG org.apache.http.wire - http-outgoing-3 << "Access-Control-Allow-Credentials: true[\r][\n]"
23:53:29.091 [main] DEBUG org.apache.http.wire - http-outgoing-3 << "Access-Control-Allow-Methods: GET, POST[\r][\n]"
23:53:29.091 [main] DEBUG org.apache.http.wire - http-outgoing-3 << "[\r][\n]"
23:53:29.091 [main] DEBUG org.apache.http.wire - http-outgoing-3 << "{"cod":401, "message": "Invalid API key. Please see https://openweathermap.org/faq#error401 for more info."}"
23:53:29.092 [main] DEBUG org.apache.http.headers - http-outgoing-3 << HTTP/1.1 401 Unauthorized
23:53:29.092 [main] DEBUG org.apache.http.headers - http-outgoing-3 << Server: openresty
23:53:29.092 [main] DEBUG org.apache.http.headers - http-outgoing-3 << Date: Tue, 06 May 2025 21:53:28 GMT
23:53:29.092 [main] DEBUG org.apache.http.headers - http-outgoing-3 << Content-Type: application/json; charset=utf-8
23:53:29.092 [main] DEBUG org.apache.http.headers - http-outgoing-3 << Content-Length: 108
23:53:29.092 [main] DEBUG org.apache.http.headers - http-outgoing-3 << Connection: keep-alive
23:53:29.092 [main] DEBUG org.apache.http.headers - http-outgoing-3 << X-Cache-Key: /data/2.5/weather?lat=40.42&lon=-3.7
23:53:29.092 [main] DEBUG org.apache.http.headers - http-outgoing-3 << Access-Control-Allow-Origin: *
23:53:29.092 [main] DEBUG org.apache.http.headers - http-outgoing-3 << Access-Control-Allow-Credentials: true
23:53:29.092 [main] DEBUG org.apache.http.headers - http-outgoing-3 << Access-Control-Allow-Methods: GET, POST
23:53:29.093 [main] DEBUG org.apache.http.impl.execchain.MainClientExec - Connection can be kept alive indefinitely
23:53:29.093 [main] DEBUG org.apache.http.impl.auth.HttpAuthenticator - Authentication required
23:53:29.093 [main] DEBUG org.apache.http.impl.auth.HttpAuthenticator - api.openweathermap.org:443 requested authentication
23:53:29.093 [main] DEBUG org.apache.http.impl.auth.HttpAuthenticator - Response contains no authentication challenges
23:53:29.093 [main] DEBUG org.apache.http.impl.conn.PoolingHttpClientConnectionManager - Connection [id: 3][route: {s}->https://api.openweathermap.org:443] can be kept alive indefinitely
23:53:29.093 [main] DEBUG org.apache.http.impl.conn.DefaultManagedHttpClientConnection - http-outgoing-3: set socket timeout to 0
23:53:29.094 [main] DEBUG org.apache.http.impl.conn.PoolingHttpClientConnectionManager - Connection released: [id: 3][route: {s}->https://api.openweathermap.org:443][total available: 1; route allocated: 1 of 5; total allocated: 1 of 10]
23:53:29.094 [main] DEBUG org.apache.http.impl.conn.PoolingHttpClientConnectionManager - Connection manager is shutting down
23:53:29.094 [main] DEBUG org.apache.http.impl.conn.DefaultManagedHttpClientConnection - http-outgoing-3: Close connection
23:53:29.095 [main] DEBUG org.apache.http.impl.conn.PoolingHttpClientConnectionManager - Connection manager shut down
23:53:29.095 [main] DEBUG com.intuit.karate - response time in milliseconds: 171
1 < 401
1 < Server: openresty
1 < Date: Tue, 06 May 2025 21:53:28 GMT
1 < Content-Type: application/json; charset=utf-8
1 < Content-Length: 108
1 < Connection: keep-alive
1 < X-Cache-Key: /data/2.5/weather?lat=40.42&lon=-3.7
1 < Access-Control-Allow-Origin: *
1 < Access-Control-Allow-Credentials: true
1 < Access-Control-Allow-Methods: GET, POST
{"cod":401, "message": "Invalid API key. Please see https://openweathermap.org/faq#error401 for more info."}

]]></system-out>
  </testcase>
  <testcase name="[3:34] Missing latitude returns 400" classname="tests/test_current_weather" time="0.217">
    <system-out><![CDATA[23:53:29.123 [main] DEBUG org.apache.http.client.protocol.RequestAddCookies - CookieSpec selected: karate
23:53:29.123 [main] DEBUG org.apache.http.client.protocol.RequestAuthCache - Auth cache not set in the context
23:53:29.123 [main] DEBUG com.intuit.karate - request:
1 > GET https://api.openweathermap.org/data/2.5/weather?appid=4b66cf4f354cd07b407c07800dc8c2f9&lon=-3.7038
1 > Accept: application/json
1 > Host: api.openweathermap.org
1 > Connection: Keep-Alive
1 > User-Agent: Apache-HttpClient/4.5.14 (Java/21.0.7)
1 > Accept-Encoding: gzip,deflate


23:53:29.124 [main] DEBUG org.apache.http.impl.conn.PoolingHttpClientConnectionManager - Connection request: [route: {s}->https://api.openweathermap.org:443][total available: 0; route allocated: 0 of 5; total allocated: 0 of 10]
23:53:29.124 [main] DEBUG org.apache.http.impl.conn.PoolingHttpClientConnectionManager - Connection leased: [id: 4][route: {s}->https://api.openweathermap.org:443][total available: 0; route allocated: 1 of 5; total allocated: 1 of 10]
23:53:29.124 [main] DEBUG org.apache.http.impl.execchain.MainClientExec - Opening connection {s}->https://api.openweathermap.org:443
23:53:29.125 [main] DEBUG org.apache.http.impl.conn.DefaultHttpClientConnectionOperator - Connecting to api.openweathermap.org/176.9.63.49:443
23:53:29.125 [main] DEBUG org.apache.http.conn.ssl.SSLConnectionSocketFactory - Connecting socket to api.openweathermap.org/176.9.63.49:443 with timeout 30000
23:53:29.185 [main] DEBUG org.apache.http.conn.ssl.SSLConnectionSocketFactory - Enabled protocols: [TLSv1.3, TLSv1.2]
23:53:29.186 [main] DEBUG org.apache.http.conn.ssl.SSLConnectionSocketFactory - Enabled cipher suites:[TLS_AES_256_GCM_SHA384, TLS_AES_128_GCM_SHA256, TLS_CHACHA20_POLY1305_SHA256, TLS_ECDHE_ECDSA_WITH_AES_256_GCM_SHA384, TLS_ECDHE_ECDSA_WITH_AES_128_GCM_SHA256, TLS_ECDHE_ECDSA_WITH_CHACHA20_POLY1305_SHA256, TLS_ECDHE_RSA_WITH_AES_256_GCM_SHA384, TLS_ECDHE_RSA_WITH_CHACHA20_POLY1305_SHA256, TLS_ECDHE_RSA_WITH_AES_128_GCM_SHA256, TLS_DHE_RSA_WITH_AES_256_GCM_SHA384, TLS_DHE_RSA_WITH_CHACHA20_POLY1305_SHA256, TLS_DHE_DSS_WITH_AES_256_GCM_SHA384, TLS_DHE_RSA_WITH_AES_128_GCM_SHA256, TLS_DHE_DSS_WITH_AES_128_GCM_SHA256, TLS_ECDHE_ECDSA_WITH_AES_256_CBC_SHA384, TLS_ECDHE_RSA_WITH_AES_256_CBC_SHA384, TLS_ECDHE_ECDSA_WITH_AES_128_CBC_SHA256, TLS_ECDHE_RSA_WITH_AES_128_CBC_SHA256, TLS_DHE_RSA_WITH_AES_256_CBC_SHA256, TLS_DHE_DSS_WITH_AES_256_CBC_SHA256, TLS_DHE_RSA_WITH_AES_128_CBC_SHA256, TLS_DHE_DSS_WITH_AES_128_CBC_SHA256, TLS_ECDHE_ECDSA_WITH_AES_256_CBC_SHA, TLS_ECDHE_RSA_WITH_AES_256_CBC_SHA, TLS_ECDHE_ECDSA_WITH_AES_128_CBC_SHA, TLS_ECDHE_RSA_WITH_AES_128_CBC_SHA, TLS_DHE_RSA_WITH_AES_256_CBC_SHA, TLS_DHE_DSS_WITH_AES_256_CBC_SHA, TLS_DHE_RSA_WITH_AES_128_CBC_SHA, TLS_DHE_DSS_WITH_AES_128_CBC_SHA, TLS_RSA_WITH_AES_256_GCM_SHA384, TLS_RSA_WITH_AES_128_GCM_SHA256, TLS_RSA_WITH_AES_256_CBC_SHA256, TLS_RSA_WITH_AES_128_CBC_SHA256, TLS_RSA_WITH_AES_256_CBC_SHA, TLS_RSA_WITH_AES_128_CBC_SHA, TLS_EMPTY_RENEGOTIATION_INFO_SCSV]
23:53:29.186 [main] DEBUG org.apache.http.conn.ssl.SSLConnectionSocketFactory - Starting handshake
23:53:29.239 [main] DEBUG org.apache.http.conn.ssl.SSLConnectionSocketFactory - Secure session established
23:53:29.239 [main] DEBUG org.apache.http.conn.ssl.SSLConnectionSocketFactory -  negotiated protocol: TLSv1.3
23:53:29.239 [main] DEBUG org.apache.http.conn.ssl.SSLConnectionSocketFactory -  negotiated cipher suite: TLS_AES_256_GCM_SHA384
23:53:29.239 [main] DEBUG org.apache.http.conn.ssl.SSLConnectionSocketFactory -  peer principal: CN=*.openweathermap.org, O=Openweather Ltd., ST=London, C=GB
23:53:29.240 [main] DEBUG org.apache.http.conn.ssl.SSLConnectionSocketFactory -  peer alternative names: [*.openweathermap.org, openweathermap.org]
23:53:29.240 [main] DEBUG org.apache.http.conn.ssl.SSLConnectionSocketFactory -  issuer principal: CN=Sectigo RSA Organization Validation Secure Server CA, O=Sectigo Limited, L=Salford, ST=Greater Manchester, C=GB
23:53:29.240 [main] DEBUG org.apache.http.impl.conn.DefaultHttpClientConnectionOperator - Connection established 192.168.1.135:42338<->176.9.63.49:443
23:53:29.240 [main] DEBUG org.apache.http.impl.conn.DefaultManagedHttpClientConnection - http-outgoing-4: set socket timeout to 30000
23:53:29.240 [main] DEBUG org.apache.http.impl.execchain.MainClientExec - Executing request GET /data/2.5/weather?appid=4b66cf4f354cd07b407c07800dc8c2f9&lon=-3.7038 HTTP/1.1
23:53:29.240 [main] DEBUG org.apache.http.impl.execchain.MainClientExec - Target auth state: UNCHALLENGED
23:53:29.240 [main] DEBUG org.apache.http.impl.execchain.MainClientExec - Proxy auth state: UNCHALLENGED
23:53:29.240 [main] DEBUG org.apache.http.headers - http-outgoing-4 >> GET /data/2.5/weather?appid=4b66cf4f354cd07b407c07800dc8c2f9&lon=-3.7038 HTTP/1.1
23:53:29.241 [main] DEBUG org.apache.http.headers - http-outgoing-4 >> Accept: application/json
23:53:29.241 [main] DEBUG org.apache.http.headers - http-outgoing-4 >> Host: api.openweathermap.org
23:53:29.241 [main] DEBUG org.apache.http.headers - http-outgoing-4 >> Connection: Keep-Alive
23:53:29.241 [main] DEBUG org.apache.http.headers - http-outgoing-4 >> User-Agent: Apache-HttpClient/4.5.14 (Java/21.0.7)
23:53:29.241 [main] DEBUG org.apache.http.headers - http-outgoing-4 >> Accept-Encoding: gzip,deflate
23:53:29.241 [main] DEBUG org.apache.http.wire - http-outgoing-4 >> "GET /data/2.5/weather?appid=4b66cf4f354cd07b407c07800dc8c2f9&lon=-3.7038 HTTP/1.1[\r][\n]"
23:53:29.241 [main] DEBUG org.apache.http.wire - http-outgoing-4 >> "Accept: application/json[\r][\n]"
23:53:29.241 [main] DEBUG org.apache.http.wire - http-outgoing-4 >> "Host: api.openweathermap.org[\r][\n]"
23:53:29.241 [main] DEBUG org.apache.http.wire - http-outgoing-4 >> "Connection: Keep-Alive[\r][\n]"
23:53:29.241 [main] DEBUG org.apache.http.wire - http-outgoing-4 >> "User-Agent: Apache-HttpClient/4.5.14 (Java/21.0.7)[\r][\n]"
23:53:29.241 [main] DEBUG org.apache.http.wire - http-outgoing-4 >> "Accept-Encoding: gzip,deflate[\r][\n]"
23:53:29.241 [main] DEBUG org.apache.http.wire - http-outgoing-4 >> "[\r][\n]"
23:53:29.310 [main] DEBUG org.apache.http.wire - http-outgoing-4 << "HTTP/1.1 400 Bad Request[\r][\n]"
23:53:29.311 [main] DEBUG org.apache.http.wire - http-outgoing-4 << "Server: openresty[\r][\n]"
23:53:29.311 [main] DEBUG org.apache.http.wire - http-outgoing-4 << "Date: Tue, 06 May 2025 21:53:29 GMT[\r][\n]"
23:53:29.311 [main] DEBUG org.apache.http.wire - http-outgoing-4 << "Content-Type: application/json; charset=utf-8[\r][\n]"
23:53:29.311 [main] DEBUG org.apache.http.wire - http-outgoing-4 << "Content-Length: 44[\r][\n]"
23:53:29.311 [main] DEBUG org.apache.http.wire - http-outgoing-4 << "Connection: keep-alive[\r][\n]"
23:53:29.311 [main] DEBUG org.apache.http.wire - http-outgoing-4 << "X-Cache-Key: /data/2.5/weather?lon=-3.7[\r][\n]"
23:53:29.311 [main] DEBUG org.apache.http.wire - http-outgoing-4 << "Access-Control-Allow-Origin: *[\r][\n]"
23:53:29.311 [main] DEBUG org.apache.http.wire - http-outgoing-4 << "Access-Control-Allow-Credentials: true[\r][\n]"
23:53:29.311 [main] DEBUG org.apache.http.wire - http-outgoing-4 << "Access-Control-Allow-Methods: GET, POST[\r][\n]"
23:53:29.311 [main] DEBUG org.apache.http.wire - http-outgoing-4 << "[\r][\n]"
23:53:29.311 [main] DEBUG org.apache.http.wire - http-outgoing-4 << "{"cod":"400","message":"Nothing to geocode"}"
23:53:29.312 [main] DEBUG org.apache.http.headers - http-outgoing-4 << HTTP/1.1 400 Bad Request
23:53:29.312 [main] DEBUG org.apache.http.headers - http-outgoing-4 << Server: openresty
23:53:29.312 [main] DEBUG org.apache.http.headers - http-outgoing-4 << Date: Tue, 06 May 2025 21:53:29 GMT
23:53:29.312 [main] DEBUG org.apache.http.headers - http-outgoing-4 << Content-Type: application/json; charset=utf-8
23:53:29.312 [main] DEBUG org.apache.http.headers - http-outgoing-4 << Content-Length: 44
23:53:29.312 [main] DEBUG org.apache.http.headers - http-outgoing-4 << Connection: keep-alive
23:53:29.312 [main] DEBUG org.apache.http.headers - http-outgoing-4 << X-Cache-Key: /data/2.5/weather?lon=-3.7
23:53:29.312 [main] DEBUG org.apache.http.headers - http-outgoing-4 << Access-Control-Allow-Origin: *
23:53:29.312 [main] DEBUG org.apache.http.headers - http-outgoing-4 << Access-Control-Allow-Credentials: true
23:53:29.312 [main] DEBUG org.apache.http.headers - http-outgoing-4 << Access-Control-Allow-Methods: GET, POST
23:53:29.313 [main] DEBUG org.apache.http.impl.execchain.MainClientExec - Connection can be kept alive indefinitely
23:53:29.313 [main] DEBUG org.apache.http.impl.conn.PoolingHttpClientConnectionManager - Connection [id: 4][route: {s}->https://api.openweathermap.org:443] can be kept alive indefinitely
23:53:29.313 [main] DEBUG org.apache.http.impl.conn.DefaultManagedHttpClientConnection - http-outgoing-4: set socket timeout to 0
23:53:29.314 [main] DEBUG org.apache.http.impl.conn.PoolingHttpClientConnectionManager - Connection released: [id: 4][route: {s}->https://api.openweathermap.org:443][total available: 1; route allocated: 1 of 5; total allocated: 1 of 10]
23:53:29.314 [main] DEBUG org.apache.http.impl.conn.PoolingHttpClientConnectionManager - Connection manager is shutting down
23:53:29.314 [main] DEBUG org.apache.http.impl.conn.DefaultManagedHttpClientConnection - http-outgoing-4: Close connection
23:53:29.314 [main] DEBUG org.apache.http.impl.conn.PoolingHttpClientConnectionManager - Connection manager shut down
23:53:29.315 [main] DEBUG com.intuit.karate - response time in milliseconds: 190
1 < 400
1 < Server: openresty
1 < Date: Tue, 06 May 2025 21:53:29 GMT
1 < Content-Type: application/json; charset=utf-8
1 < Content-Length: 44
1 < Connection: keep-alive
1 < X-Cache-Key: /data/2.5/weather?lon=-3.7
1 < Access-Control-Allow-Origin: *
1 < Access-Control-Allow-Credentials: true
1 < Access-Control-Allow-Methods: GET, POST
{"cod":"400","message":"Nothing to geocode"}

]]></system-out>
  </testcase>
  <testcase name="[4:40] Missing longitude returns 400" classname="tests/test_current_weather" time="1.045">
    <system-out><![CDATA[23:53:29.346 [main] DEBUG org.apache.http.client.protocol.RequestAddCookies - CookieSpec selected: karate
23:53:29.346 [main] DEBUG org.apache.http.client.protocol.RequestAuthCache - Auth cache not set in the context
23:53:29.347 [main] DEBUG com.intuit.karate - request:
1 > GET https://api.openweathermap.org/data/2.5/weather?appid=4b66cf4f354cd07b407c07800dc8c2f9&lat=40.4168
1 > Accept: application/json
1 > Host: api.openweathermap.org
1 > Connection: Keep-Alive
1 > User-Agent: Apache-HttpClient/4.5.14 (Java/21.0.7)
1 > Accept-Encoding: gzip,deflate


23:53:29.347 [main] DEBUG org.apache.http.impl.conn.PoolingHttpClientConnectionManager - Connection request: [route: {s}->https://api.openweathermap.org:443][total available: 0; route allocated: 0 of 5; total allocated: 0 of 10]
23:53:29.347 [main] DEBUG org.apache.http.impl.conn.PoolingHttpClientConnectionManager - Connection leased: [id: 5][route: {s}->https://api.openweathermap.org:443][total available: 0; route allocated: 1 of 5; total allocated: 1 of 10]
23:53:29.348 [main] DEBUG org.apache.http.impl.execchain.MainClientExec - Opening connection {s}->https://api.openweathermap.org:443
23:53:29.348 [main] DEBUG org.apache.http.impl.conn.DefaultHttpClientConnectionOperator - Connecting to api.openweathermap.org/176.9.63.49:443
23:53:29.348 [main] DEBUG org.apache.http.conn.ssl.SSLConnectionSocketFactory - Connecting socket to api.openweathermap.org/176.9.63.49:443 with timeout 30000
23:53:29.394 [main] DEBUG org.apache.http.conn.ssl.SSLConnectionSocketFactory - Enabled protocols: [TLSv1.3, TLSv1.2]
23:53:29.394 [main] DEBUG org.apache.http.conn.ssl.SSLConnectionSocketFactory - Enabled cipher suites:[TLS_AES_256_GCM_SHA384, TLS_AES_128_GCM_SHA256, TLS_CHACHA20_POLY1305_SHA256, TLS_ECDHE_ECDSA_WITH_AES_256_GCM_SHA384, TLS_ECDHE_ECDSA_WITH_AES_128_GCM_SHA256, TLS_ECDHE_ECDSA_WITH_CHACHA20_POLY1305_SHA256, TLS_ECDHE_RSA_WITH_AES_256_GCM_SHA384, TLS_ECDHE_RSA_WITH_CHACHA20_POLY1305_SHA256, TLS_ECDHE_RSA_WITH_AES_128_GCM_SHA256, TLS_DHE_RSA_WITH_AES_256_GCM_SHA384, TLS_DHE_RSA_WITH_CHACHA20_POLY1305_SHA256, TLS_DHE_DSS_WITH_AES_256_GCM_SHA384, TLS_DHE_RSA_WITH_AES_128_GCM_SHA256, TLS_DHE_DSS_WITH_AES_128_GCM_SHA256, TLS_ECDHE_ECDSA_WITH_AES_256_CBC_SHA384, TLS_ECDHE_RSA_WITH_AES_256_CBC_SHA384, TLS_ECDHE_ECDSA_WITH_AES_128_CBC_SHA256, TLS_ECDHE_RSA_WITH_AES_128_CBC_SHA256, TLS_DHE_RSA_WITH_AES_256_CBC_SHA256, TLS_DHE_DSS_WITH_AES_256_CBC_SHA256, TLS_DHE_RSA_WITH_AES_128_CBC_SHA256, TLS_DHE_DSS_WITH_AES_128_CBC_SHA256, TLS_ECDHE_ECDSA_WITH_AES_256_CBC_SHA, TLS_ECDHE_RSA_WITH_AES_256_CBC_SHA, TLS_ECDHE_ECDSA_WITH_AES_128_CBC_SHA, TLS_ECDHE_RSA_WITH_AES_128_CBC_SHA, TLS_DHE_RSA_WITH_AES_256_CBC_SHA, TLS_DHE_DSS_WITH_AES_256_CBC_SHA, TLS_DHE_RSA_WITH_AES_128_CBC_SHA, TLS_DHE_DSS_WITH_AES_128_CBC_SHA, TLS_RSA_WITH_AES_256_GCM_SHA384, TLS_RSA_WITH_AES_128_GCM_SHA256, TLS_RSA_WITH_AES_256_CBC_SHA256, TLS_RSA_WITH_AES_128_CBC_SHA256, TLS_RSA_WITH_AES_256_CBC_SHA, TLS_RSA_WITH_AES_128_CBC_SHA, TLS_EMPTY_RENEGOTIATION_INFO_SCSV]
23:53:29.394 [main] DEBUG org.apache.http.conn.ssl.SSLConnectionSocketFactory - Starting handshake
23:53:29.450 [main] DEBUG org.apache.http.conn.ssl.SSLConnectionSocketFactory - Secure session established
23:53:29.450 [main] DEBUG org.apache.http.conn.ssl.SSLConnectionSocketFactory -  negotiated protocol: TLSv1.3
23:53:29.450 [main] DEBUG org.apache.http.conn.ssl.SSLConnectionSocketFactory -  negotiated cipher suite: TLS_AES_256_GCM_SHA384
23:53:29.450 [main] DEBUG org.apache.http.conn.ssl.SSLConnectionSocketFactory -  peer principal: CN=*.openweathermap.org, O=Openweather Ltd., ST=London, C=GB
23:53:29.451 [main] DEBUG org.apache.http.conn.ssl.SSLConnectionSocketFactory -  peer alternative names: [*.openweathermap.org, openweathermap.org]
23:53:29.451 [main] DEBUG org.apache.http.conn.ssl.SSLConnectionSocketFactory -  issuer principal: CN=Sectigo RSA Organization Validation Secure Server CA, O=Sectigo Limited, L=Salford, ST=Greater Manchester, C=GB
23:53:29.451 [main] DEBUG org.apache.http.impl.conn.DefaultHttpClientConnectionOperator - Connection established 192.168.1.135:42346<->176.9.63.49:443
23:53:29.451 [main] DEBUG org.apache.http.impl.conn.DefaultManagedHttpClientConnection - http-outgoing-5: set socket timeout to 30000
23:53:29.452 [main] DEBUG org.apache.http.impl.execchain.MainClientExec - Executing request GET /data/2.5/weather?appid=4b66cf4f354cd07b407c07800dc8c2f9&lat=40.4168 HTTP/1.1
23:53:29.452 [main] DEBUG org.apache.http.impl.execchain.MainClientExec - Target auth state: UNCHALLENGED
23:53:29.452 [main] DEBUG org.apache.http.impl.execchain.MainClientExec - Proxy auth state: UNCHALLENGED
23:53:29.452 [main] DEBUG org.apache.http.headers - http-outgoing-5 >> GET /data/2.5/weather?appid=4b66cf4f354cd07b407c07800dc8c2f9&lat=40.4168 HTTP/1.1
23:53:29.452 [main] DEBUG org.apache.http.headers - http-outgoing-5 >> Accept: application/json
23:53:29.452 [main] DEBUG org.apache.http.headers - http-outgoing-5 >> Host: api.openweathermap.org
23:53:29.452 [main] DEBUG org.apache.http.headers - http-outgoing-5 >> Connection: Keep-Alive
23:53:29.453 [main] DEBUG org.apache.http.headers - http-outgoing-5 >> User-Agent: Apache-HttpClient/4.5.14 (Java/21.0.7)
23:53:29.453 [main] DEBUG org.apache.http.headers - http-outgoing-5 >> Accept-Encoding: gzip,deflate
23:53:29.453 [main] DEBUG org.apache.http.wire - http-outgoing-5 >> "GET /data/2.5/weather?appid=4b66cf4f354cd07b407c07800dc8c2f9&lat=40.4168 HTTP/1.1[\r][\n]"
23:53:29.453 [main] DEBUG org.apache.http.wire - http-outgoing-5 >> "Accept: application/json[\r][\n]"
23:53:29.453 [main] DEBUG org.apache.http.wire - http-outgoing-5 >> "Host: api.openweathermap.org[\r][\n]"
23:53:29.453 [main] DEBUG org.apache.http.wire - http-outgoing-5 >> "Connection: Keep-Alive[\r][\n]"
23:53:29.453 [main] DEBUG org.apache.http.wire - http-outgoing-5 >> "User-Agent: Apache-HttpClient/4.5.14 (Java/21.0.7)[\r][\n]"
23:53:29.453 [main] DEBUG org.apache.http.wire - http-outgoing-5 >> "Accept-Encoding: gzip,deflate[\r][\n]"
23:53:29.453 [main] DEBUG org.apache.http.wire - http-outgoing-5 >> "[\r][\n]"
23:53:29.500 [main] DEBUG org.apache.http.wire - http-outgoing-5 << "HTTP/1.1 400 Bad Request[\r][\n]"
23:53:29.500 [main] DEBUG org.apache.http.wire - http-outgoing-5 << "Server: openresty[\r][\n]"
23:53:29.500 [main] DEBUG org.apache.http.wire - http-outgoing-5 << "Date: Tue, 06 May 2025 21:53:29 GMT[\r][\n]"
23:53:29.500 [main] DEBUG org.apache.http.wire - http-outgoing-5 << "Content-Type: application/json; charset=utf-8[\r][\n]"
23:53:29.500 [main] DEBUG org.apache.http.wire - http-outgoing-5 << "Content-Length: 44[\r][\n]"
23:53:29.500 [main] DEBUG org.apache.http.wire - http-outgoing-5 << "Connection: keep-alive[\r][\n]"
23:53:29.500 [main] DEBUG org.apache.http.wire - http-outgoing-5 << "X-Cache-Key: /data/2.5/weather?lat=40.42[\r][\n]"
23:53:29.500 [main] DEBUG org.apache.http.wire - http-outgoing-5 << "Access-Control-Allow-Origin: *[\r][\n]"
23:53:29.500 [main] DEBUG org.apache.http.wire - http-outgoing-5 << "Access-Control-Allow-Credentials: true[\r][\n]"
23:53:29.500 [main] DEBUG org.apache.http.wire - http-outgoing-5 << "Access-Control-Allow-Methods: GET, POST[\r][\n]"
23:53:29.500 [main] DEBUG org.apache.http.wire - http-outgoing-5 << "[\r][\n]"
23:53:29.501 [main] DEBUG org.apache.http.wire - http-outgoing-5 << "{"cod":"400","message":"Nothing to geocode"}"
23:53:29.501 [main] DEBUG org.apache.http.headers - http-outgoing-5 << HTTP/1.1 400 Bad Request
23:53:29.501 [main] DEBUG org.apache.http.headers - http-outgoing-5 << Server: openresty
23:53:29.501 [main] DEBUG org.apache.http.headers - http-outgoing-5 << Date: Tue, 06 May 2025 21:53:29 GMT
23:53:29.501 [main] DEBUG org.apache.http.headers - http-outgoing-5 << Content-Type: application/json; charset=utf-8
23:53:29.501 [main] DEBUG org.apache.http.headers - http-outgoing-5 << Content-Length: 44
23:53:29.501 [main] DEBUG org.apache.http.headers - http-outgoing-5 << Connection: keep-alive
23:53:29.501 [main] DEBUG org.apache.http.headers - http-outgoing-5 << X-Cache-Key: /data/2.5/weather?lat=40.42
23:53:29.501 [main] DEBUG org.apache.http.headers - http-outgoing-5 << Access-Control-Allow-Origin: *
23:53:29.501 [main] DEBUG org.apache.http.headers - http-outgoing-5 << Access-Control-Allow-Credentials: true
23:53:29.501 [main] DEBUG org.apache.http.headers - http-outgoing-5 << Access-Control-Allow-Methods: GET, POST
23:53:29.501 [main] DEBUG org.apache.http.impl.execchain.MainClientExec - Connection can be kept alive indefinitely
23:53:29.502 [main] DEBUG org.apache.http.impl.conn.PoolingHttpClientConnectionManager - Connection [id: 5][route: {s}->https://api.openweathermap.org:443] can be kept alive indefinitely
23:53:29.502 [main] DEBUG org.apache.http.impl.conn.DefaultManagedHttpClientConnection - http-outgoing-5: set socket timeout to 0
23:53:29.502 [main] DEBUG org.apache.http.impl.conn.PoolingHttpClientConnectionManager - Connection released: [id: 5][route: {s}->https://api.openweathermap.org:443][total available: 1; route allocated: 1 of 5; total allocated: 1 of 10]
23:53:29.502 [main] DEBUG org.apache.http.impl.conn.PoolingHttpClientConnectionManager - Connection manager is shutting down
23:53:29.502 [main] DEBUG org.apache.http.impl.conn.DefaultManagedHttpClientConnection - http-outgoing-5: Close connection
23:53:29.503 [main] DEBUG org.apache.http.impl.conn.PoolingHttpClientConnectionManager - Connection manager shut down
23:53:29.503 [main] DEBUG com.intuit.karate - response time in milliseconds: 155
1 < 400
1 < Server: openresty
1 < Date: Tue, 06 May 2025 21:53:29 GMT
1 < Content-Type: application/json; charset=utf-8
1 < Content-Length: 44
1 < Connection: keep-alive
1 < X-Cache-Key: /data/2.5/weather?lat=40.42
1 < Access-Control-Allow-Origin: *
1 < Access-Control-Allow-Credentials: true
1 < Access-Control-Allow-Methods: GET, POST
{"cod":"400","message":"Nothing to geocode"}

23:53:29.564 [main] DEBUG org.thymeleaf.TemplateEngine - [THYMELEAF] INITIALIZING TEMPLATE ENGINE
23:53:29.717 [main] DEBUG org.thymeleaf.TemplateEngine.CONFIG - Initializing Thymeleaf Template engine configuration...
[THYMELEAF] TEMPLATE ENGINE CONFIGURATION:
[THYMELEAF] * Thymeleaf version: 3.0.14.RELEASE (built 2021-12-08T00:45:29+0000)
[THYMELEAF] * Cache Manager implementation: org.thymeleaf.cache.StandardCacheManager
[THYMELEAF] * Template resolvers:
[THYMELEAF]     * [1] com.intuit.karate.template.ResourceHtmlTemplateResolver
[THYMELEAF] * Message resolvers:
[THYMELEAF]     * org.thymeleaf.messageresolver.StandardMessageResolver
[THYMELEAF] * Link builders:
[THYMELEAF]     * org.thymeleaf.linkbuilder.StandardLinkBuilder
[THYMELEAF] * Dialect [1 of 2]: Standard (com.intuit.karate.template.KarateStandardDialect)
[THYMELEAF]     * Prefix: "th"
[THYMELEAF]     * Processors for Template Mode: HTML
[THYMELEAF]         * Element Tag Processors by [matching element and attribute name] [precedence]:
[THYMELEAF]             * [* {th:include,data-th-include}] [100]: org.thymeleaf.standard.processor.StandardIncludeTagProcessor
[THYMELEAF]             * [* {th:insert,data-th-insert}] [100]: org.thymeleaf.standard.processor.StandardInsertTagProcessor
[THYMELEAF]             * [* {th:replace,data-th-replace}] [100]: org.thymeleaf.standard.processor.StandardReplaceTagProcessor
[THYMELEAF]             * [* {th:substituteby,data-th-substituteby}] [100]: org.thymeleaf.standard.processor.StandardSubstituteByTagProcessor
[THYMELEAF]             * [* {th:each,data-th-each}] [200]: com.intuit.karate.template.KarateEachTagProcessor
[THYMELEAF]             * [* {th:switch,data-th-switch}] [250]: org.thymeleaf.standard.processor.StandardSwitchTagProcessor
[THYMELEAF]             * [* {th:case,data-th-case}] [275]: org.thymeleaf.standard.processor.StandardCaseTagProcessor
[THYMELEAF]             * [* {th:if,data-th-if}] [300]: org.thymeleaf.standard.processor.StandardIfTagProcessor
[THYMELEAF]             * [* {th:unless,data-th-unless}] [400]: org.thymeleaf.standard.processor.StandardUnlessTagProcessor
[THYMELEAF]             * [* {th:object,data-th-object}] [500]: org.thymeleaf.standard.processor.StandardObjectTagProcessor
[THYMELEAF]             * [* {th:with,data-th-with}] [600]: com.intuit.karate.template.KarateWithTagProcessor
[THYMELEAF]             * [* {th:attr,data-th-attr}] [700]: com.intuit.karate.template.KarateAttributeTagProcessor.KarateAttrTagProcessor
[THYMELEAF]             * [* {th:attrappend,data-th-attrappend}] [900]: com.intuit.karate.template.KarateAttributeTagProcessor.KarateAttrappendTagProcessor
[THYMELEAF]             * [* {th:attrprepend,data-th-attrprepend}] [900]: com.intuit.karate.template.KarateAttributeTagProcessor.KarateAttrprependTagProcessor
[THYMELEAF]             * [* {th:alt-title,data-th-alt-title}] [990]: org.thymeleaf.standard.processor.StandardAltTitleTagProcessor
[THYMELEAF]             * [* {th:lang-xmllang,data-th-lang-xmllang}] [990]: org.thymeleaf.standard.processor.StandardLangXmlLangTagProcessor
[THYMELEAF]             * [* {th:action,data-th-action}] [1000]: org.thymeleaf.standard.processor.StandardActionTagProcessor
[THYMELEAF]             * [* {th:declare,data-th-declare}] [1000]: org.thymeleaf.standard.processor.StandardConditionalFixedValueTagProcessor
[THYMELEAF]             * [* {th:novalidate,data-th-novalidate}] [1000]: org.thymeleaf.standard.processor.StandardConditionalFixedValueTagProcessor
[THYMELEAF]             * [* {th:disabled,data-th-disabled}] [1000]: org.thymeleaf.standard.processor.StandardConditionalFixedValueTagProcessor
[THYMELEAF]             * [* {th:controls,data-th-controls}] [1000]: org.thymeleaf.standard.processor.StandardConditionalFixedValueTagProcessor
[THYMELEAF]             * [* {th:autoplay,data-th-autoplay}] [1000]: org.thymeleaf.standard.processor.StandardConditionalFixedValueTagProcessor
[THYMELEAF]             * [* {th:nowrap,data-th-nowrap}] [1000]: org.thymeleaf.standard.processor.StandardConditionalFixedValueTagProcessor
[THYMELEAF]             * [* {th:checked,data-th-checked}] [1000]: org.thymeleaf.standard.processor.StandardConditionalFixedValueTagProcessor
[THYMELEAF]             * [* {th:required,data-th-required}] [1000]: org.thymeleaf.standard.processor.StandardConditionalFixedValueTagProcessor
[THYMELEAF]             * [* {th:autofocus,data-th-autofocus}] [1000]: org.thymeleaf.standard.processor.StandardConditionalFixedValueTagProcessor
[THYMELEAF]             * [* {th:hidden,data-th-hidden}] [1000]: org.thymeleaf.standard.processor.StandardConditionalFixedValueTagProcessor
[THYMELEAF]             * [* {th:ismap,data-th-ismap}] [1000]: org.thymeleaf.standard.processor.StandardConditionalFixedValueTagProcessor
[THYMELEAF]             * [* {th:selected,data-th-selected}] [1000]: org.thymeleaf.standard.processor.StandardConditionalFixedValueTagProcessor
[THYMELEAF]             * [* {th:reversed,data-th-reversed}] [1000]: org.thymeleaf.standard.processor.StandardConditionalFixedValueTagProcessor
[THYMELEAF]             * [* {th:open,data-th-open}] [1000]: org.thymeleaf.standard.processor.StandardConditionalFixedValueTagProcessor
[THYMELEAF]             * [* {th:multiple,data-th-multiple}] [1000]: org.thymeleaf.standard.processor.StandardConditionalFixedValueTagProcessor
[THYMELEAF]             * [* {th:async,data-th-async}] [1000]: org.thymeleaf.standard.processor.StandardConditionalFixedValueTagProcessor
[THYMELEAF]             * [* {th:loop,data-th-loop}] [1000]: org.thymeleaf.standard.processor.StandardConditionalFixedValueTagProcessor
[THYMELEAF]             * [* {th:formnovalidate,data-th-formnovalidate}] [1000]: org.thymeleaf.standard.processor.StandardConditionalFixedValueTagProcessor
[THYMELEAF]             * [* {th:scoped,data-th-scoped}] [1000]: org.thymeleaf.standard.processor.StandardConditionalFixedValueTagProcessor
[THYMELEAF]             * [* {th:seamless,data-th-seamless}] [1000]: org.thymeleaf.standard.processor.StandardConditionalFixedValueTagProcessor
[THYMELEAF]             * [* {th:readonly,data-th-readonly}] [1000]: org.thymeleaf.standard.processor.StandardConditionalFixedValueTagProcessor
[THYMELEAF]             * [* {th:default,data-th-default}] [1000]: org.thymeleaf.standard.processor.StandardConditionalFixedValueTagProcessor
[THYMELEAF]             * [* {th:pubdate,data-th-pubdate}] [1000]: org.thymeleaf.standard.processor.StandardConditionalFixedValueTagProcessor
[THYMELEAF]             * [* {th:defer,data-th-defer}] [1000]: org.thymeleaf.standard.processor.StandardConditionalFixedValueTagProcessor
[THYMELEAF]             * [* {th:onmessage,data-th-onmessage}] [1000]: org.thymeleaf.standard.processor.StandardDOMEventAttributeTagProcessor
[THYMELEAF]             * [* {th:ondrop,data-th-ondrop}] [1000]: org.thymeleaf.standard.processor.StandardDOMEventAttributeTagProcessor
[THYMELEAF]             * [* {th:onmousedown,data-th-onmousedown}] [1000]: org.thymeleaf.standard.processor.StandardDOMEventAttributeTagProcessor
[THYMELEAF]             * [* {th:onmousewheel,data-th-onmousewheel}] [1000]: org.thymeleaf.standard.processor.StandardDOMEventAttributeTagProcessor
[THYMELEAF]             * [* {th:onforminput,data-th-onforminput}] [1000]: org.thymeleaf.standard.processor.StandardDOMEventAttributeTagProcessor
[THYMELEAF]             * [* {th:onplaying,data-th-onplaying}] [1000]: org.thymeleaf.standard.processor.StandardDOMEventAttributeTagProcessor
[THYMELEAF]             * [* {th:onoffline,data-th-onoffline}] [1000]: org.thymeleaf.standard.processor.StandardDOMEventAttributeTagProcessor
[THYMELEAF]             * [* {th:onredo,data-th-onredo}] [1000]: org.thymeleaf.standard.processor.StandardDOMEventAttributeTagProcessor
[THYMELEAF]             * [* {th:onpopstate,data-th-onpopstate}] [1000]: org.thymeleaf.standard.processor.StandardDOMEventAttributeTagProcessor
[THYMELEAF]             * [* {th:onreadystatechange,data-th-onreadystatechange}] [1000]: org.thymeleaf.standard.processor.StandardDOMEventAttributeTagProcessor
[THYMELEAF]             * [* {th:onpause,data-th-onpause}] [1000]: org.thymeleaf.standard.processor.StandardDOMEventAttributeTagProcessor
[THYMELEAF]             * [* {th:ondragstart,data-th-ondragstart}] [1000]: org.thymeleaf.standard.processor.StandardDOMEventAttributeTagProcessor
[THYMELEAF]             * [* {th:onratechange,data-th-onratechange}] [1000]: org.thymeleaf.standard.processor.StandardDOMEventAttributeTagProcessor
[THYMELEAF]             * [* {th:ononline,data-th-ononline}] [1000]: org.thymeleaf.standard.processor.StandardDOMEventAttributeTagProcessor
[THYMELEAF]             * [* {th:oninput,data-th-oninput}] [1000]: org.thymeleaf.standard.processor.StandardDOMEventAttributeTagProcessor
[THYMELEAF]             * [* {th:oncontextmenu,data-th-oncontextmenu}] [1000]: org.thymeleaf.standard.processor.StandardDOMEventAttributeTagProcessor
[THYMELEAF]             * [* {th:ondragenter,data-th-ondragenter}] [1000]: org.thymeleaf.standard.processor.StandardDOMEventAttributeTagProcessor
[THYMELEAF]             * [* {th:onmousemove,data-th-onmousemove}] [1000]: org.thymeleaf.standard.processor.StandardDOMEventAttributeTagProcessor
[THYMELEAF]             * [* {th:ondragend,data-th-ondragend}] [1000]: org.thymeleaf.standard.processor.StandardDOMEventAttributeTagProcessor
[THYMELEAF]             * [* {th:ondragover,data-th-ondragover}] [1000]: org.thymeleaf.standard.processor.StandardDOMEventAttributeTagProcessor
[THYMELEAF]             * [* {th:ondrag,data-th-ondrag}] [1000]: org.thymeleaf.standard.processor.StandardDOMEventAttributeTagProcessor
[THYMELEAF]             * [* {th:oninvalid,data-th-oninvalid}] [1000]: org.thymeleaf.standard.processor.StandardDOMEventAttributeTagProcessor
[THYMELEAF]             * [* {th:onkeypress,data-th-onkeypress}] [1000]: org.thymeleaf.standard.processor.StandardDOMEventAttributeTagProcessor
[THYMELEAF]             * [* {th:onscroll,data-th-onscroll}] [1000]: org.thymeleaf.standard.processor.StandardDOMEventAttributeTagProcessor
[THYMELEAF]             * [* {th:ondblclick,data-th-ondblclick}] [1000]: org.thymeleaf.standard.processor.StandardDOMEventAttributeTagProcessor
[THYMELEAF]             * [* {th:onload,data-th-onload}] [1000]: org.thymeleaf.standard.processor.StandardDOMEventAttributeTagProcessor
[THYMELEAF]             * [* {th:onseeked,data-th-onseeked}] [1000]: org.thymeleaf.standard.processor.StandardDOMEventAttributeTagProcessor
[THYMELEAF]             * [* {th:onundo,data-th-onundo}] [1000]: org.thymeleaf.standard.processor.StandardDOMEventAttributeTagProcessor
[THYMELEAF]             * [* {th:onstorage,data-th-onstorage}] [1000]: org.thymeleaf.standard.processor.StandardDOMEventAttributeTagProcessor
[THYMELEAF]             * [* {th:onmouseover,data-th-onmouseover}] [1000]: org.thymeleaf.standard.processor.StandardDOMEventAttributeTagProcessor
[THYMELEAF]             * [* {th:onsuspend,data-th-onsuspend}] [1000]: org.thymeleaf.standard.processor.StandardDOMEventAttributeTagProcessor
[THYMELEAF]             * [* {th:onsubmit,data-th-onsubmit}] [1000]: org.thymeleaf.standard.processor.StandardDOMEventAttributeTagProcessor
[THYMELEAF]             * [* {th:onerror,data-th-onerror}] [1000]: org.thymeleaf.standard.processor.StandardDOMEventAttributeTagProcessor
[THYMELEAF]             * [* {th:onkeydown,data-th-onkeydown}] [1000]: org.thymeleaf.standard.processor.StandardDOMEventAttributeTagProcessor
[THYMELEAF]             * [* {th:onhashchange,data-th-onhashchange}] [1000]: org.thymeleaf.standard.processor.StandardDOMEventAttributeTagProcessor
[THYMELEAF]             * [* {th:onselect,data-th-onselect}] [1000]: org.thymeleaf.standard.processor.StandardDOMEventAttributeTagProcessor
[THYMELEAF]             * [* {th:ondragleave,data-th-ondragleave}] [1000]: org.thymeleaf.standard.processor.StandardDOMEventAttributeTagProcessor
[THYMELEAF]             * [* {th:onseeking,data-th-onseeking}] [1000]: org.thymeleaf.standard.processor.StandardDOMEventAttributeTagProcessor
[THYMELEAF]             * [* {th:onbeforeprint,data-th-onbeforeprint}] [1000]: org.thymeleaf.standard.processor.StandardDOMEventAttributeTagProcessor
[THYMELEAF]             * [* {th:onvolumechange,data-th-onvolumechange}] [1000]: org.thymeleaf.standard.processor.StandardDOMEventAttributeTagProcessor
[THYMELEAF]             * [* {th:onchange,data-th-onchange}] [1000]: org.thymeleaf.standard.processor.StandardDOMEventAttributeTagProcessor
[THYMELEAF]             * [* {th:onloadedmetadata,data-th-onloadedmetadata}] [1000]: org.thymeleaf.standard.processor.StandardDOMEventAttributeTagProcessor
[THYMELEAF]             * [* {th:onmouseout,data-th-onmouseout}] [1000]: org.thymeleaf.standard.processor.StandardDOMEventAttributeTagProcessor
[THYMELEAF]             * [* {th:onabort,data-th-onabort}] [1000]: org.thymeleaf.standard.processor.StandardDOMEventAttributeTagProcessor
[THYMELEAF]             * [* {th:onprogress,data-th-onprogress}] [1000]: org.thymeleaf.standard.processor.StandardDOMEventAttributeTagProcessor
[THYMELEAF]             * [* {th:onloadeddata,data-th-onloadeddata}] [1000]: org.thymeleaf.standard.processor.StandardDOMEventAttributeTagProcessor
[THYMELEAF]             * [* {th:onclick,data-th-onclick}] [1000]: org.thymeleaf.standard.processor.StandardDOMEventAttributeTagProcessor
[THYMELEAF]             * [* {th:onemptied,data-th-onemptied}] [1000]: org.thymeleaf.standard.processor.StandardDOMEventAttributeTagProcessor
[THYMELEAF]             * [* {th:ondurationchange,data-th-ondurationchange}] [1000]: org.thymeleaf.standard.processor.StandardDOMEventAttributeTagProcessor
[THYMELEAF]             * [* {th:onblur,data-th-onblur}] [1000]: org.thymeleaf.standard.processor.StandardDOMEventAttributeTagProcessor
[...]
[THYMELEAF]             * [* {th:icon,data-th-icon}] [1000]: org.thymeleaf.standard.processor.StandardRemovableAttributeTagProcessor
[THYMELEAF]             * [* {th:archive,data-th-archive}] [1000]: org.thymeleaf.standard.processor.StandardRemovableAttributeTagProcessor
[THYMELEAF]             * [* {th:draggable,data-th-draggable}] [1000]: org.thymeleaf.standard.processor.StandardRemovableAttributeTagProcessor
[THYMELEAF]             * [* {th:step,data-th-step}] [1000]: org.thymeleaf.standard.processor.StandardRemovableAttributeTagProcessor
[THYMELEAF]             * [* {th:content,data-th-content}] [1000]: org.thymeleaf.standard.processor.StandardRemovableAttributeTagProcessor
[THYMELEAF]             * [* {th:frame,data-th-frame}] [1000]: org.thymeleaf.standard.processor.StandardRemovableAttributeTagProcessor
[THYMELEAF]             * [* {th:placeholder,data-th-placeholder}] [1000]: org.thymeleaf.standard.processor.StandardRemovableAttributeTagProcessor
[THYMELEAF]             * [* {th:colspan,data-th-colspan}] [1000]: org.thymeleaf.standard.processor.StandardRemovableAttributeTagProcessor
[THYMELEAF]             * [* {th:for,data-th-for}] [1000]: org.thymeleaf.standard.processor.StandardRemovableAttributeTagProcessor
[THYMELEAF]             * [* {th:sizes,data-th-sizes}] [1000]: org.thymeleaf.standard.processor.StandardRemovableAttributeTagProcessor
[THYMELEAF]             * [* {th:accesskey,data-th-accesskey}] [1000]: org.thymeleaf.standard.processor.StandardRemovableAttributeTagProcessor
[THYMELEAF]             * [* {th:usemap,data-th-usemap}] [1000]: org.thymeleaf.standard.processor.StandardRemovableAttributeTagProcessor
[THYMELEAF]             * [* {th:contextmenu,data-th-contextmenu}] [1000]: org.thymeleaf.standard.processor.StandardRemovableAttributeTagProcessor
[THYMELEAF]             * [* {th:background,data-th-background}] [1000]: org.thymeleaf.standard.processor.StandardRemovableAttributeTagProcessor
[THYMELEAF]             * [* {th:width,data-th-width}] [1000]: org.thymeleaf.standard.processor.StandardRemovableAttributeTagProcessor
[THYMELEAF]             * [* {th:class,data-th-class}] [1000]: org.thymeleaf.standard.processor.StandardRemovableAttributeTagProcessor
[THYMELEAF]             * [* {th:autocomplete,data-th-autocomplete}] [1000]: org.thymeleaf.standard.processor.StandardRemovableAttributeTagProcessor
[THYMELEAF]             * [* {th:datetime,data-th-datetime}] [1000]: org.thymeleaf.standard.processor.StandardRemovableAttributeTagProcessor
[THYMELEAF]             * [* {th:longdesc,data-th-longdesc}] [1000]: org.thymeleaf.standard.processor.StandardRemovableAttributeTagProcessor
[THYMELEAF]             * [* {th:media,data-th-media}] [1000]: org.thymeleaf.standard.processor.StandardRemovableAttributeTagProcessor
[THYMELEAF]             * [* {th:form,data-th-form}] [1000]: org.thymeleaf.standard.processor.StandardRemovableAttributeTagProcessor
[THYMELEAF]             * [* {th:marginwidth,data-th-marginwidth}] [1000]: org.thymeleaf.standard.processor.StandardRemovableAttributeTagProcessor
[THYMELEAF]             * [* {th:spellcheck,data-th-spellcheck}] [1000]: org.thymeleaf.standard.processor.StandardRemovableAttributeTagProcessor
[THYMELEAF]             * [* {th:dropzone,data-th-dropzone}] [1000]: org.thymeleaf.standard.processor.StandardRemovableAttributeTagProcessor
[THYMELEAF]             * [* {th:rev,data-th-rev}] [1000]: org.thymeleaf.standard.processor.StandardRemovableAttributeTagProcessor
[THYMELEAF]             * [* {th:cellspacing,data-th-cellspacing}] [1000]: org.thymeleaf.standard.processor.StandardRemovableAttributeTagProcessor
[THYMELEAF]             * [* {th:min,data-th-min}] [1000]: org.thymeleaf.standard.processor.StandardRemovableAttributeTagProcessor
[THYMELEAF]             * [* {th:rows,data-th-rows}] [1000]: org.thymeleaf.standard.processor.StandardRemovableAttributeTagProcessor
[THYMELEAF]             * [* {th:compact,data-th-compact}] [1000]: org.thymeleaf.standard.processor.StandardRemovableAttributeTagProcessor
[THYMELEAF]             * [* {th:label,data-th-label}] [1000]: org.thymeleaf.standard.processor.StandardRemovableAttributeTagProcessor
[THYMELEAF]             * [* {th:style,data-th-style}] [1000]: org.thymeleaf.standard.processor.StandardRemovableAttributeTagProcessor
[THYMELEAF]             * [* {th:audio,data-th-audio}] [1000]: org.thymeleaf.standard.processor.StandardRemovableAttributeTagProcessor
[THYMELEAF]             * [* {th:low,data-th-low}] [1000]: org.thymeleaf.standard.processor.StandardRemovableAttributeTagProcessor
[THYMELEAF]             * [* {th:start,data-th-start}] [1000]: org.thymeleaf.standard.processor.StandardRemovableAttributeTagProcessor
[THYMELEAF]             * [* {th:preload,data-th-preload}] [1000]: org.thymeleaf.standard.processor.StandardRemovableAttributeTagProcessor
[THYMELEAF]             * [* {th:data,data-th-data}] [1000]: org.thymeleaf.standard.processor.StandardRemovableAttributeTagProcessor
[THYMELEAF]             * [* {th:classid,data-th-classid}] [1000]: org.thymeleaf.standard.processor.StandardRemovableAttributeTagProcessor
[THYMELEAF]             * [* {th:valuetype,data-th-valuetype}] [1000]: org.thymeleaf.standard.processor.StandardRemovableAttributeTagProcessor
[THYMELEAF]             * [* {th:src,data-th-src}] [1000]: org.thymeleaf.standard.processor.StandardSrcTagProcessor
[THYMELEAF]             * [* {th:value,data-th-value}] [1000]: org.thymeleaf.standard.processor.StandardValueTagProcessor
[THYMELEAF]             * [* {th:xmlbase,data-th-xmlbase}] [1000]: org.thymeleaf.standard.processor.StandardXmlBaseTagProcessor
[THYMELEAF]             * [* {th:xmllang,data-th-xmllang}] [1000]: org.thymeleaf.standard.processor.StandardXmlLangTagProcessor
[THYMELEAF]             * [* {xmlns:th}] [1000]: org.thymeleaf.standard.processor.StandardXmlNsTagProcessor
[THYMELEAF]             * [* {th:xmlspace,data-th-xmlspace}] [1000]: org.thymeleaf.standard.processor.StandardXmlSpaceTagProcessor
[THYMELEAF]             * [* {th:classappend,data-th-classappend}] [1100]: org.thymeleaf.standard.processor.StandardClassappendTagProcessor
[THYMELEAF]             * [* {th:styleappend,data-th-styleappend}] [1100]: org.thymeleaf.standard.processor.StandardStyleappendTagProcessor
[THYMELEAF]             * [* {th:text,data-th-text}] [1300]: org.thymeleaf.standard.processor.StandardTextTagProcessor
[THYMELEAF]             * [* {th:utext,data-th-utext}] [1400]: org.thymeleaf.standard.processor.StandardUtextTagProcessor
[THYMELEAF]             * [* {th:fragment,data-th-fragment}] [1500]: org.thymeleaf.standard.processor.StandardFragmentTagProcessor
[THYMELEAF]             * [* {th:assert,data-th-assert}] [1550]: org.thymeleaf.standard.processor.StandardAssertTagProcessor
[THYMELEAF]             * [* {th:remove,data-th-remove}] [1600]: org.thymeleaf.standard.processor.StandardRemoveTagProcessor
[THYMELEAF]             * [* {th:ref,data-th-ref}] [10000]: org.thymeleaf.standard.processor.StandardRefAttributeTagProcessor
[THYMELEAF]             * [{th:block,th-block} *] [100000]: org.thymeleaf.standard.processor.StandardBlockTagProcessor
[THYMELEAF]             * [* th:*] [2147483647]: org.thymeleaf.standard.processor.StandardDefaultAttributesTagProcessor
[THYMELEAF]         * Text Processors by [precedence]:
[THYMELEAF]             * [1000]: org.thymeleaf.standard.processor.StandardInliningTextProcessor
[THYMELEAF]         * DOCTYPE Processors by [precedence]:
[THYMELEAF]             * [1000]: org.thymeleaf.standard.processor.StandardTranslationDocTypeProcessor
[THYMELEAF]         * CDATA Section Processors by [precedence]:
[THYMELEAF]             * [1000]: org.thymeleaf.standard.processor.StandardInliningCDATASectionProcessor
[THYMELEAF]         * Comment Processors by [precedence]:
[THYMELEAF]             * [1000]: org.thymeleaf.standard.processor.StandardInliningCommentProcessor
[THYMELEAF]             * [1100]: org.thymeleaf.standard.processor.StandardConditionalCommentProcessor
[THYMELEAF]     * Processors for Template Mode: XML
[THYMELEAF]         * Element Tag Processors by [matching element and attribute name] [precedence]:
[THYMELEAF]             * [* {th:include}] [100]: org.thymeleaf.standard.processor.StandardIncludeTagProcessor
[THYMELEAF]             * [* {th:insert}] [100]: org.thymeleaf.standard.processor.StandardInsertTagProcessor
[THYMELEAF]             * [* {th:replace}] [100]: org.thymeleaf.standard.processor.StandardReplaceTagProcessor
[THYMELEAF]             * [* {th:substituteby}] [100]: org.thymeleaf.standard.processor.StandardSubstituteByTagProcessor
[THYMELEAF]             * [* {th:each}] [200]: com.intuit.karate.template.KarateEachTagProcessor
[THYMELEAF]             * [* {th:switch}] [250]: org.thymeleaf.standard.processor.StandardSwitchTagProcessor
[THYMELEAF]             * [* {th:case}] [275]: org.thymeleaf.standard.processor.StandardCaseTagProcessor
[THYMELEAF]             * [* {th:if}] [300]: org.thymeleaf.standard.processor.StandardIfTagProcessor
[THYMELEAF]             * [* {th:unless}] [400]: org.thymeleaf.standard.processor.StandardUnlessTagProcessor
[THYMELEAF]             * [* {th:object}] [500]: org.thymeleaf.standard.processor.StandardObjectTagProcessor
[THYMELEAF]             * [* {th:with}] [600]: com.intuit.karate.template.KarateWithTagProcessor
[THYMELEAF]             * [* {th:attr}] [700]: com.intuit.karate.template.KarateAttributeTagProcessor.KarateAttrTagProcessor
[THYMELEAF]             * [* {th:attrappend}] [900]: com.intuit.karate.template.KarateAttributeTagProcessor.KarateAttrappendTagProcessor
[THYMELEAF]             * [* {th:attrprepend}] [900]: com.intuit.karate.template.KarateAttributeTagProcessor.KarateAttrprependTagProcessor
[THYMELEAF]             * [* {th:inline}] [1000]: org.thymeleaf.standard.processor.StandardInlineXMLTagProcessor
[THYMELEAF]             * [* {xmlns:th}] [1000]: org.thymeleaf.standard.processor.StandardXmlNsTagProcessor
[THYMELEAF]             * [* {th:text}] [1300]: org.thymeleaf.standard.processor.StandardTextTagProcessor
[THYMELEAF]             * [* {th:utext}] [1400]: org.thymeleaf.standard.processor.StandardUtextTagProcessor
[THYMELEAF]             * [* {th:fragment}] [1500]: org.thymeleaf.standard.processor.StandardFragmentTagProcessor
[THYMELEAF]             * [* {th:assert}] [1550]: org.thymeleaf.standard.processor.StandardAssertTagProcessor
[THYMELEAF]             * [* {th:remove}] [1600]: org.thymeleaf.standard.processor.StandardRemoveTagProcessor
[THYMELEAF]             * [* {th:ref}] [10000]: org.thymeleaf.standard.processor.StandardRefAttributeTagProcessor
[THYMELEAF]             * [{th:block} *] [100000]: org.thymeleaf.standard.processor.StandardBlockTagProcessor
[THYMELEAF]             * [* th:*] [2147483647]: org.thymeleaf.standard.processor.StandardDefaultAttributesTagProcessor
[THYMELEAF]         * Text Processors by [precedence]:
[THYMELEAF]             * [1000]: org.thymeleaf.standard.processor.StandardInliningTextProcessor
[THYMELEAF]         * CDATA Section Processors by [precedence]:
[THYMELEAF]             * [1000]: org.thymeleaf.standard.processor.StandardInliningCDATASectionProcessor
[THYMELEAF]         * Comment Processors by [precedence]:
[THYMELEAF]             * [1000]: org.thymeleaf.standard.processor.StandardInliningCommentProcessor
[THYMELEAF]     * Processors for Template Mode: TEXT
[THYMELEAF]         * Element Tag Processors by [matching element and attribute name] [precedence]:
[THYMELEAF]             * [* {th:insert}] [100]: org.thymeleaf.standard.processor.StandardInsertTagProcessor
[THYMELEAF]             * [* {th:replace}] [100]: org.thymeleaf.standard.processor.StandardReplaceTagProcessor
[THYMELEAF]             * [* {th:each}] [200]: com.intuit.karate.template.KarateEachTagProcessor
[THYMELEAF]             * [* {th:switch}] [250]: org.thymeleaf.standard.processor.StandardSwitchTagProcessor
[THYMELEAF]             * [* {th:case}] [275]: org.thymeleaf.standard.processor.StandardCaseTagProcessor
[THYMELEAF]             * [* {th:if}] [300]: org.thymeleaf.standard.processor.StandardIfTagProcessor
[THYMELEAF]             * [* {th:unless}] [400]: org.thymeleaf.standard.processor.StandardUnlessTagProcessor
[THYMELEAF]             * [* {th:object}] [500]: org.thymeleaf.standard.processor.StandardObjectTagProcessor
[THYMELEAF]             * [* {th:with}] [600]: com.intuit.karate.template.KarateWithTagProcessor
[THYMELEAF]             * [* {th:inline}] [1000]: org.thymeleaf.standard.processor.StandardInlineTextualTagProcessor
[THYMELEAF]             * [* {th:text}] [1300]: org.thymeleaf.standard.processor.StandardTextTagProcessor
[THYMELEAF]             * [* {th:utext}] [1400]: org.thymeleaf.standard.processor.StandardUtextTagProcessor
[THYMELEAF]             * [* {th:assert}] [1550]: org.thymeleaf.standard.processor.StandardAssertTagProcessor
[THYMELEAF]             * [* {th:remove}] [1600]: org.thymeleaf.standard.processor.StandardRemoveTagProcessor
[THYMELEAF]             * [* 100000] [org.thymeleaf.standard.processor.StandardBlockTagProcessor]: {}
[THYMELEAF]             * [{th:block} *] [100000]: org.thymeleaf.standard.processor.StandardBlockTagProcessor
[THYMELEAF]         * Text Processors by [precedence]:
[THYMELEAF]             * [1000]: org.thymeleaf.standard.processor.StandardInliningTextProcessor
[THYMELEAF]     * Processors for Template Mode: JAVASCRIPT
[THYMELEAF]         * Element Tag Processors by [matching element and attribute name] [precedence]:
[THYMELEAF]             * [* {th:insert}] [100]: org.thymeleaf.standard.processor.StandardInsertTagProcessor
[THYMELEAF]             * [* {th:replace}] [100]: org.thymeleaf.standard.processor.StandardReplaceTagProcessor
[THYMELEAF]             * [* {th:each}] [200]: com.intuit.karate.template.KarateEachTagProcessor
[THYMELEAF]             * [* {th:switch}] [250]: org.thymeleaf.standard.processor.StandardSwitchTagProcessor
[THYMELEAF]             * [* {th:case}] [275]: org.thymeleaf.standard.processor.StandardCaseTagProcessor
[THYMELEAF]             * [* {th:if}] [300]: org.thymeleaf.standard.processor.StandardIfTagProcessor
[THYMELEAF]             * [* {th:unless}] [400]: org.thymeleaf.standard.processor.StandardUnlessTagProcessor
[THYMELEAF]             * [* {th:object}] [500]: org.thymeleaf.standard.processor.StandardObjectTagProcessor
[THYMELEAF]             * [* {th:with}] [600]: com.intuit.karate.template.KarateWithTagProcessor
[THYMELEAF]             * [* {th:inline}] [1000]: org.thymeleaf.standard.processor.StandardInlineTextualTagProcessor
[THYMELEAF]             * [* {th:text}] [1300]: org.thymeleaf.standard.processor.StandardTextTagProcessor
[THYMELEAF]             * [* {th:utext}] [1400]: org.thymeleaf.standard.processor.StandardUtextTagProcessor
[THYMELEAF]             * [* {th:assert}] [1550]: org.thymeleaf.standard.processor.StandardAssertTagProcessor
[THYMELEAF]             * [* {th:remove}] [1600]: org.thymeleaf.standard.processor.StandardRemoveTagProcessor
[THYMELEAF]             * [{th:block} *] [100000]: org.thymeleaf.standard.processor.StandardBlockTagProcessor
[THYMELEAF]             * [* 100000] [org.thymeleaf.standard.processor.StandardBlockTagProcessor]: {}
[THYMELEAF]         * Text Processors by [precedence]:
[THYMELEAF]             * [1000]: org.thymeleaf.standard.processor.StandardInliningTextProcessor
[THYMELEAF]     * Processors for Template Mode: CSS
[THYMELEAF]         * Element Tag Processors by [matching element and attribute name] [precedence]:
[THYMELEAF]             * [* {th:insert}] [100]: org.thymeleaf.standard.processor.StandardInsertTagProcessor
[THYMELEAF]             * [* {th:replace}] [100]: org.thymeleaf.standard.processor.StandardReplaceTagProcessor
[THYMELEAF]             * [* {th:each}] [200]: com.intuit.karate.template.KarateEachTagProcessor
[THYMELEAF]             * [* {th:switch}] [250]: org.thymeleaf.standard.processor.StandardSwitchTagProcessor
[THYMELEAF]             * [* {th:case}] [275]: org.thymeleaf.standard.processor.StandardCaseTagProcessor
[THYMELEAF]             * [* {th:if}] [300]: org.thymeleaf.standard.processor.StandardIfTagProcessor
[THYMELEAF]             * [* {th:unless}] [400]: org.thymeleaf.standard.processor.StandardUnlessTagProcessor
[THYMELEAF]             * [* {th:object}] [500]: org.thymeleaf.standard.processor.StandardObjectTagProcessor
[THYMELEAF]             * [* {th:with}] [600]: com.intuit.karate.template.KarateWithTagProcessor
[THYMELEAF]             * [* {th:inline}] [1000]: org.thymeleaf.standard.processor.StandardInlineTextualTagProcessor
[THYMELEAF]             * [* {th:text}] [1300]: org.thymeleaf.standard.processor.StandardTextTagProcessor
[THYMELEAF]             * [* {th:utext}] [1400]: org.thymeleaf.standard.processor.StandardUtextTagProcessor
[THYMELEAF]             * [* {th:assert}] [1550]: org.thymeleaf.standard.processor.StandardAssertTagProcessor
[THYMELEAF]             * [* {th:remove}] [1600]: org.thymeleaf.standard.processor.StandardRemoveTagProcessor
[THYMELEAF]             * [{th:block} *] [100000]: org.thymeleaf.standard.processor.StandardBlockTagProcessor
[THYMELEAF]             * [* 100000] [org.thymeleaf.standard.processor.StandardBlockTagProcessor]: {}
[THYMELEAF]         * Text Processors by [precedence]:
[THYMELEAF]             * [1000]: org.thymeleaf.standard.processor.StandardInliningTextProcessor
[THYMELEAF]     * Expression Objects:
[THYMELEAF]         * #ctx
[THYMELEAF]         * #root
[THYMELEAF]         * #vars
[THYMELEAF]         * #object
[THYMELEAF]         * #locale
[THYMELEAF]         * #request
[THYMELEAF]         * #response
[THYMELEAF]         * #session
[THYMELEAF]         * #servletContext
[THYMELEAF]         * #conversions
[THYMELEAF]         * #uris
[THYMELEAF]         * #calendars
[THYMELEAF]         * #dates
[THYMELEAF]         * #bools
[THYMELEAF]         * #numbers
[THYMELEAF]         * #objects
[THYMELEAF]         * #strings
[THYMELEAF]         * #arrays
[THYMELEAF]         * #lists
[THYMELEAF]         * #sets
[THYMELEAF]         * #maps
[THYMELEAF]         * #aggregates
[THYMELEAF]         * #messages
[THYMELEAF]         * #ids
[THYMELEAF]         * #execInfo
[THYMELEAF]         * #httpServletRequest
[THYMELEAF]         * #httpSession
[THYMELEAF]     * Execution Attributes:
[THYMELEAF]         * "StandardExpressionParser": com.intuit.karate.template.KarateStandardDialect@7ba1cdbe
[THYMELEAF]         * "StandardJavaScriptSerializer": org.thymeleaf.standard.serializer.StandardJavaScriptSerializer@1dcca426
[THYMELEAF]         * "StandardCSSSerializer": org.thymeleaf.standard.serializer.StandardCSSSerializer@e6e5da4
[THYMELEAF]         * "StandardVariableExpressionEvaluator": com.intuit.karate.template.KarateStandardDialect@7ba1cdbe
[THYMELEAF]         * "StandardConversionService": org.thymeleaf.standard.expression.StandardConversionService@720c8f80
[THYMELEAF] * Dialect [2 of 2]: karate (com.intuit.karate.template.KarateScriptDialect)
[THYMELEAF]     * Prefix: "ka"
[THYMELEAF]     * Processors for Template Mode: HTML
[THYMELEAF]         * Element Tag Processors by [matching element and attribute name] [precedence]:
[THYMELEAF]             * [* {src}] [1000]: com.intuit.karate.template.KaScriptAttrProcessor
[THYMELEAF]         * Element Model Processors by [matching element and attribute name] [precedence]:
[THYMELEAF]             * [{script} {ka:scope,data-ka-scope}] [1000]: com.intuit.karate.template.KaScriptElemProcessor
[THYMELEAF]             * [* {ka:set,data-ka-set}] [1000]: com.intuit.karate.template.KaSetElemProcessor
[THYMELEAF] TEMPLATE ENGINE CONFIGURED OK
23:53:32.289 [main] DEBUG org.thymeleaf.TemplateEngine - [THYMELEAF] TEMPLATE ENGINE INITIALIZED

HTML report: (paste into browser to view) | Karate version: 1.4.0
file:///home/developer/repos/hector/ozymandyas_perfect_holidays/karate/target/karate-reports/karate-summary.html
===================================================================

]]></system-out>
  </testcase>
</testsuite>